[0.007s] Invoking command in '/home/abood/victor_/build/victor': CMAKE_PREFIX_PATH=${CMAKE_PREFIX_PATH}:/home/abood/ros2_test/install/my_py_pkg:/opt/ros/humble /usr/bin/cmake --build /home/abood/victor_/build/victor -- -j16 -l16
[0.022s] -- Found ament_cmake: 1.3.11 (/opt/ros/humble/share/ament_cmake/cmake)
[0.103s] -- Found ament_lint_auto: 0.12.12 (/opt/ros/humble/share/ament_lint_auto/cmake)
[0.148s] -- Added test 'copyright' to check source files copyright and LICENSE
[0.151s] -- Added test 'flake8' to check Python code syntax and style conventions
[0.152s] -- Added test 'lint_cmake' to check CMake code style
[0.152s] -- Added test 'pep257' to check Python code against some of the docstring style conventions in PEP 257
[0.154s] -- Added test 'xmllint' to check XML markup files
[0.154s] -- Configuring done
[0.156s] -- Generating done
[0.157s] -- Build files have been written to: /home/abood/victor_/build/victor
[0.171s] Invoked command in '/home/abood/victor_/build/victor' returned '0': CMAKE_PREFIX_PATH=${CMAKE_PREFIX_PATH}:/home/abood/ros2_test/install/my_py_pkg:/opt/ros/humble /usr/bin/cmake --build /home/abood/victor_/build/victor -- -j16 -l16
[0.177s] Invoking command in '/home/abood/victor_/build/victor': CMAKE_PREFIX_PATH=${CMAKE_PREFIX_PATH}:/home/abood/ros2_test/install/my_py_pkg:/opt/ros/humble /usr/bin/cmake --install /home/abood/victor_/build/victor
[0.181s] -- Install configuration: ""
[0.181s] -- Up-to-date: /home/abood/victor_/install/victor/share/victor/config
[0.181s] -- Up-to-date: /home/abood/victor_/install/victor/share/victor/config/empty.yaml
[0.181s] -- Up-to-date: /home/abood/victor_/install/victor/share/victor/config/my_controllers.yaml
[0.181s] -- Up-to-date: /home/abood/victor_/install/victor/share/victor/config/gazebo_params.yaml
[0.181s] -- Up-to-date: /home/abood/victor_/install/victor/share/victor/description
[0.182s] -- Up-to-date: /home/abood/victor_/install/victor/share/victor/description/gazebo_control.xacro
[0.182s] -- Up-to-date: /home/abood/victor_/install/victor/share/victor/description/camera.xacro
[0.182s] -- Installing: /home/abood/victor_/install/victor/share/victor/description/ros2_control.xacro
[0.182s] -- Up-to-date: /home/abood/victor_/install/victor/share/victor/description/inertial_macros.xacro
[0.182s] -- Up-to-date: /home/abood/victor_/install/victor/share/victor/description/robot_core.xacro
[0.182s] -- Up-to-date: /home/abood/victor_/install/victor/share/victor/description/robot.urdf.xacro
[0.182s] -- Up-to-date: /home/abood/victor_/install/victor/share/victor/description/depth_camera.xacro
[0.182s] -- Up-to-date: /home/abood/victor_/install/victor/share/victor/launch
[0.182s] -- Up-to-date: /home/abood/victor_/install/victor/share/victor/launch/camera.launch.py
[0.182s] -- Up-to-date: /home/abood/victor_/install/victor/share/victor/launch/launch_sim.launch.py
[0.182s] -- Up-to-date: /home/abood/victor_/install/victor/share/victor/launch/rsp.launch.py
[0.182s] -- Up-to-date: /home/abood/victor_/install/victor/share/victor/worlds
[0.182s] -- Up-to-date: /home/abood/victor_/install/victor/share/victor/worlds/empty.world
[0.182s] -- Installing: /home/abood/victor_/install/victor/lib/victor/serial_cmd_vel_bridge.py
[0.182s] -- Installing: /home/abood/victor_/install/victor/share/ament_index/resource_index/package_run_dependencies/victor
[0.182s] -- Installing: /home/abood/victor_/install/victor/share/ament_index/resource_index/parent_prefix_path/victor
[0.183s] -- Up-to-date: /home/abood/victor_/install/victor/share/victor/environment/ament_prefix_path.sh
[0.183s] -- Installing: /home/abood/victor_/install/victor/share/victor/environment/ament_prefix_path.dsv
[0.183s] -- Up-to-date: /home/abood/victor_/install/victor/share/victor/environment/path.sh
[0.183s] -- Installing: /home/abood/victor_/install/victor/share/victor/environment/path.dsv
[0.183s] -- Up-to-date: /home/abood/victor_/install/victor/share/victor/local_setup.bash
[0.183s] -- Up-to-date: /home/abood/victor_/install/victor/share/victor/local_setup.sh
[0.183s] -- Up-to-date: /home/abood/victor_/install/victor/share/victor/local_setup.zsh
[0.183s] -- Installing: /home/abood/victor_/install/victor/share/victor/local_setup.dsv
[0.183s] -- Installing: /home/abood/victor_/install/victor/share/victor/package.dsv
[0.183s] -- Up-to-date: /home/abood/victor_/install/victor/share/ament_index/resource_index/packages/victor
[0.183s] -- Up-to-date: /home/abood/victor_/install/victor/share/victor/cmake/victorConfig.cmake
[0.183s] -- Up-to-date: /home/abood/victor_/install/victor/share/victor/cmake/victorConfig-version.cmake
[0.183s] -- Installing: /home/abood/victor_/install/victor/share/victor/package.xml
[0.184s] Invoked command in '/home/abood/victor_/build/victor' returned '0': CMAKE_PREFIX_PATH=${CMAKE_PREFIX_PATH}:/home/abood/ros2_test/install/my_py_pkg:/opt/ros/humble /usr/bin/cmake --install /home/abood/victor_/build/victor
