[0.585s] Invoking command in '/home/abood/victor_/src/victor_planning': PYTHONPATH=/home/abood/victor_/build/victor_planning/prefix_override:/usr/lib/python3/dist-packages/colcon_core/task/python/colcon_distutils_commands:/home/abood/victor_/install/victor_planning/lib/python3.10/site-packages:${PYTHONPATH} /usr/bin/python3 -W ignore:setup.py install is deprecated -W ignore:easy_install command is deprecated setup.py egg_info --egg-base ../../build/victor_planning build --build-base /home/abood/victor_/build/victor_planning/build install --record /home/abood/victor_/build/victor_planning/install.log --single-version-externally-managed install_data
[0.739s] running egg_info
[0.740s] writing ../../build/victor_planning/victor_planning.egg-info/PKG-INFO
[0.740s] writing dependency_links to ../../build/victor_planning/victor_planning.egg-info/dependency_links.txt
[0.740s] writing entry points to ../../build/victor_planning/victor_planning.egg-info/entry_points.txt
[0.740s] writing requirements to ../../build/victor_planning/victor_planning.egg-info/requires.txt
[0.740s] writing top-level names to ../../build/victor_planning/victor_planning.egg-info/top_level.txt
[0.741s] reading manifest file '../../build/victor_planning/victor_planning.egg-info/SOURCES.txt'
[0.742s] writing manifest file '../../build/victor_planning/victor_planning.egg-info/SOURCES.txt'
[0.742s] running build
[0.742s] running build_py
[0.742s] running install
[0.742s] running install_lib
[0.743s] running install_data
[0.743s] running install_egg_info
[0.744s] removing '/home/abood/victor_/install/victor_planning/lib/python3.10/site-packages/victor_planning-0.0.0-py3.10.egg-info' (and everything under it)
[0.744s] Copying ../../build/victor_planning/victor_planning.egg-info to /home/abood/victor_/install/victor_planning/lib/python3.10/site-packages/victor_planning-0.0.0-py3.10.egg-info
[0.745s] running install_scripts
[0.759s] Installing OccupancyGrid_pub script to /home/abood/victor_/install/victor_planning/lib/victor_planning
[0.759s] Installing a_star_planner script to /home/abood/victor_/install/victor_planning/lib/victor_planning
[0.759s] writing list of installed files to '/home/abood/victor_/build/victor_planning/install.log'
[0.775s] Invoked command in '/home/abood/victor_/src/victor_planning' returned '0': PYTHONPATH=/home/abood/victor_/build/victor_planning/prefix_override:/usr/lib/python3/dist-packages/colcon_core/task/python/colcon_distutils_commands:/home/abood/victor_/install/victor_planning/lib/python3.10/site-packages:${PYTHONPATH} /usr/bin/python3 -W ignore:setup.py install is deprecated -W ignore:easy_install command is deprecated setup.py egg_info --egg-base ../../build/victor_planning build --build-base /home/abood/victor_/build/victor_planning/build install --record /home/abood/victor_/build/victor_planning/install.log --single-version-externally-managed install_data
