[0.837s] Invoking command in '/home/abood/victor_/src/victor_motion': PYTHONPATH=/home/abood/victor_/build/victor_motion/prefix_override:/usr/lib/python3/dist-packages/colcon_core/task/python/colcon_distutils_commands:/home/abood/victor_/install/victor_motion/lib/python3.10/site-packages:${PYTHONPATH} /usr/bin/python3 -W ignore:setup.py install is deprecated -W ignore:easy_install command is deprecated setup.py egg_info --egg-base ../../build/victor_motion build --build-base /home/abood/victor_/build/victor_motion/build install --record /home/abood/victor_/build/victor_motion/install.log --single-version-externally-managed install_data
[1.010s] running egg_info
[1.011s] writing ../../build/victor_motion/victor_motion.egg-info/PKG-INFO
[1.011s] writing dependency_links to ../../build/victor_motion/victor_motion.egg-info/dependency_links.txt
[1.011s] writing entry points to ../../build/victor_motion/victor_motion.egg-info/entry_points.txt
[1.011s] writing requirements to ../../build/victor_motion/victor_motion.egg-info/requires.txt
[1.011s] writing top-level names to ../../build/victor_motion/victor_motion.egg-info/top_level.txt
[1.012s] reading manifest file '../../build/victor_motion/victor_motion.egg-info/SOURCES.txt'
[1.013s] writing manifest file '../../build/victor_motion/victor_motion.egg-info/SOURCES.txt'
[1.013s] running build
[1.013s] running build_py
[1.013s] running install
[1.013s] running install_lib
[1.014s] running install_data
[1.014s] running install_egg_info
[1.015s] removing '/home/abood/victor_/install/victor_motion/lib/python3.10/site-packages/victor_motion-0.0.0-py3.10.egg-info' (and everything under it)
[1.015s] Copying ../../build/victor_motion/victor_motion.egg-info to /home/abood/victor_/install/victor_motion/lib/python3.10/site-packages/victor_motion-0.0.0-py3.10.egg-info
[1.016s] running install_scripts
[1.031s] Installing pure_pursuit script to /home/abood/victor_/install/victor_motion/lib/victor_motion
[1.031s] writing list of installed files to '/home/abood/victor_/build/victor_motion/install.log'
[1.050s] Invoked command in '/home/abood/victor_/src/victor_motion' returned '0': PYTHONPATH=/home/abood/victor_/build/victor_motion/prefix_override:/usr/lib/python3/dist-packages/colcon_core/task/python/colcon_distutils_commands:/home/abood/victor_/install/victor_motion/lib/python3.10/site-packages:${PYTHONPATH} /usr/bin/python3 -W ignore:setup.py install is deprecated -W ignore:easy_install command is deprecated setup.py egg_info --egg-base ../../build/victor_motion build --build-base /home/abood/victor_/build/victor_motion/build install --record /home/abood/victor_/build/victor_motion/install.log --single-version-externally-managed install_data
