[0.832s] Invoking command in '/home/abood/victor_/src/send_vel': PYTHONPATH=/home/abood/victor_/build/send_vel/prefix_override:/usr/lib/python3/dist-packages/colcon_core/task/python/colcon_distutils_commands:/home/abood/victor_/install/send_vel/lib/python3.10/site-packages:${PYTHONPATH} /usr/bin/python3 -W ignore:setup.py install is deprecated -W ignore:easy_install command is deprecated setup.py egg_info --egg-base ../../build/send_vel build --build-base /home/abood/victor_/build/send_vel/build install --record /home/abood/victor_/build/send_vel/install.log --single-version-externally-managed install_data
[1.001s] running egg_info
[1.002s] writing ../../build/send_vel/send_vel.egg-info/PKG-INFO
[1.002s] writing dependency_links to ../../build/send_vel/send_vel.egg-info/dependency_links.txt
[1.002s] writing entry points to ../../build/send_vel/send_vel.egg-info/entry_points.txt
[1.002s] writing requirements to ../../build/send_vel/send_vel.egg-info/requires.txt
[1.002s] writing top-level names to ../../build/send_vel/send_vel.egg-info/top_level.txt
[1.003s] reading manifest file '../../build/send_vel/send_vel.egg-info/SOURCES.txt'
[1.004s] writing manifest file '../../build/send_vel/send_vel.egg-info/SOURCES.txt'
[1.004s] running build
[1.004s] running build_py
[1.004s] running install
[1.004s] running install_lib
[1.005s] running install_data
[1.005s] running install_egg_info
[1.006s] removing '/home/abood/victor_/install/send_vel/lib/python3.10/site-packages/send_vel-0.0.0-py3.10.egg-info' (and everything under it)
[1.006s] Copying ../../build/send_vel/send_vel.egg-info to /home/abood/victor_/install/send_vel/lib/python3.10/site-packages/send_vel-0.0.0-py3.10.egg-info
[1.007s] running install_scripts
[1.021s] Installing diff_driver script to /home/abood/victor_/install/send_vel/lib/send_vel
[1.021s] writing list of installed files to '/home/abood/victor_/build/send_vel/install.log'
[1.041s] Invoked command in '/home/abood/victor_/src/send_vel' returned '0': PYTHONPATH=/home/abood/victor_/build/send_vel/prefix_override:/usr/lib/python3/dist-packages/colcon_core/task/python/colcon_distutils_commands:/home/abood/victor_/install/send_vel/lib/python3.10/site-packages:${PYTHONPATH} /usr/bin/python3 -W ignore:setup.py install is deprecated -W ignore:easy_install command is deprecated setup.py egg_info --egg-base ../../build/send_vel build --build-base /home/abood/victor_/build/send_vel/build install --record /home/abood/victor_/build/send_vel/install.log --single-version-externally-managed install_data
