[0.411s] Invoking command in '/home/abood/victor_/src/send_vel': PYTHONPATH=/home/abood/victor_/build/send_vel/prefix_override:/usr/lib/python3/dist-packages/colcon_core/task/python/colcon_distutils_commands:/home/abood/victor_/install/send_vel/lib/python3.10/site-packages:${PYTHONPATH} /usr/bin/python3 -W ignore:setup.py install is deprecated -W ignore:easy_install command is deprecated setup.py egg_info --egg-base ../../build/send_vel build --build-base /home/abood/victor_/build/send_vel/build install --record /home/abood/victor_/build/send_vel/install.log --single-version-externally-managed install_data
[0.572s] running egg_info
[0.573s] writing ../../build/send_vel/send_vel.egg-info/PKG-INFO
[0.573s] writing dependency_links to ../../build/send_vel/send_vel.egg-info/dependency_links.txt
[0.573s] writing entry points to ../../build/send_vel/send_vel.egg-info/entry_points.txt
[0.573s] writing requirements to ../../build/send_vel/send_vel.egg-info/requires.txt
[0.573s] writing top-level names to ../../build/send_vel/send_vel.egg-info/top_level.txt
[0.574s] reading manifest file '../../build/send_vel/send_vel.egg-info/SOURCES.txt'
[0.574s] writing manifest file '../../build/send_vel/send_vel.egg-info/SOURCES.txt'
[0.574s] running build
[0.574s] running build_py
[0.575s] copying send_vel/diff_driver.py -> /home/abood/victor_/build/send_vel/build/lib/send_vel
[0.575s] running install
[0.575s] running install_lib
[0.575s] copying /home/abood/victor_/build/send_vel/build/lib/send_vel/diff_driver.py -> /home/abood/victor_/install/send_vel/lib/python3.10/site-packages/send_vel
[0.576s] byte-compiling /home/abood/victor_/install/send_vel/lib/python3.10/site-packages/send_vel/diff_driver.py to diff_driver.cpython-310.pyc
[0.576s] running install_data
[0.576s] copying package.xml -> /home/abood/victor_/install/send_vel/share/send_vel
[0.576s] running install_egg_info
[0.577s] removing '/home/abood/victor_/install/send_vel/lib/python3.10/site-packages/send_vel-0.0.0-py3.10.egg-info' (and everything under it)
[0.577s] Copying ../../build/send_vel/send_vel.egg-info to /home/abood/victor_/install/send_vel/lib/python3.10/site-packages/send_vel-0.0.0-py3.10.egg-info
[0.578s] running install_scripts
[0.591s] Installing diff_driver script to /home/abood/victor_/install/send_vel/lib/send_vel
[0.591s] writing list of installed files to '/home/abood/victor_/build/send_vel/install.log'
[0.607s] Invoked command in '/home/abood/victor_/src/send_vel' returned '0': PYTHONPATH=/home/abood/victor_/build/send_vel/prefix_override:/usr/lib/python3/dist-packages/colcon_core/task/python/colcon_distutils_commands:/home/abood/victor_/install/send_vel/lib/python3.10/site-packages:${PYTHONPATH} /usr/bin/python3 -W ignore:setup.py install is deprecated -W ignore:easy_install command is deprecated setup.py egg_info --egg-base ../../build/send_vel build --build-base /home/abood/victor_/build/send_vel/build install --record /home/abood/victor_/build/send_vel/install.log --single-version-externally-managed install_data
