[0.167s] Invoking command in '/home/abood/victor_/build/victor_nav': CMAKE_PREFIX_PATH=${CMAKE_PREFIX_PATH}:/home/abood/ros2_test/install/my_py_pkg:/opt/ros/humble /usr/bin/cmake /home/abood/victor_/src/victor_nav -DCMAKE_INSTALL_PREFIX=/home/abood/victor_/install/victor_nav
[0.248s] -- The C compiler identification is GNU 11.4.0
[0.305s] -- The CXX compiler identification is GNU 11.4.0
[0.312s] -- Detecting C compiler ABI info
[0.358s] -- Detecting C compiler ABI info - done
[0.363s] -- Check for working C compiler: /usr/bin/cc - skipped
[0.363s] -- Detecting C compile features
[0.364s] -- Detecting C compile features - done
[0.366s] -- Detecting CXX compiler ABI info
[0.417s] -- Detecting CXX compiler ABI info - done
[0.422s] -- Check for working CXX compiler: /usr/bin/c++ - skipped
[0.422s] -- Detecting CXX compile features
[0.423s] -- Detecting CXX compile features - done
[0.425s] -- Found ament_cmake: 1.3.11 (/opt/ros/humble/share/ament_cmake/cmake)
[0.526s] -- Found Python3: /usr/bin/python3 (found version "3.10.12") found components: Interpreter 
[0.630s] -- Found ament_lint_auto: 0.12.12 (/opt/ros/humble/share/ament_lint_auto/cmake)
[0.686s] -- Added test 'copyright' to check source files copyright and LICENSE
[0.690s] -- Added test 'flake8' to check Python code syntax and style conventions
[0.690s] -- Added test 'lint_cmake' to check CMake code style
[0.691s] -- Added test 'pep257' to check Python code against some of the docstring style conventions in PEP 257
[0.693s] -- Added test 'xmllint' to check XML markup files
[0.693s] -- Configuring done
[0.695s] -- Generating done
[0.696s] -- Build files have been written to: /home/abood/victor_/build/victor_nav
[0.699s] Invoked command in '/home/abood/victor_/build/victor_nav' returned '0': CMAKE_PREFIX_PATH=${CMAKE_PREFIX_PATH}:/home/abood/ros2_test/install/my_py_pkg:/opt/ros/humble /usr/bin/cmake /home/abood/victor_/src/victor_nav -DCMAKE_INSTALL_PREFIX=/home/abood/victor_/install/victor_nav
[0.700s] Invoking command in '/home/abood/victor_/build/victor_nav': CMAKE_PREFIX_PATH=${CMAKE_PREFIX_PATH}:/home/abood/ros2_test/install/my_py_pkg:/opt/ros/humble /usr/bin/cmake --build /home/abood/victor_/build/victor_nav -- -j16 -l16
[0.723s] Invoked command in '/home/abood/victor_/build/victor_nav' returned '0': CMAKE_PREFIX_PATH=${CMAKE_PREFIX_PATH}:/home/abood/ros2_test/install/my_py_pkg:/opt/ros/humble /usr/bin/cmake --build /home/abood/victor_/build/victor_nav -- -j16 -l16
[0.729s] Invoking command in '/home/abood/victor_/build/victor_nav': CMAKE_PREFIX_PATH=${CMAKE_PREFIX_PATH}:/home/abood/ros2_test/install/my_py_pkg:/opt/ros/humble /usr/bin/cmake --install /home/abood/victor_/build/victor_nav
[0.736s] -- Install configuration: ""
[0.736s] -- Installing: /home/abood/victor_/install/victor_nav/share/victor_nav/config
[0.736s] -- Installing: /home/abood/victor_/install/victor_nav/share/victor_nav/config/gaz_ros2_ctl_use_sim.yaml
[0.736s] -- Installing: /home/abood/victor_/install/victor_nav/share/victor_nav/config/empty.yaml
[0.736s] -- Installing: /home/abood/victor_/install/victor_nav/share/victor_nav/config/my_controllers.yaml
[0.736s] -- Installing: /home/abood/victor_/install/victor_nav/share/victor_nav/config/joystick.yaml
[0.736s] -- Installing: /home/abood/victor_/install/victor_nav/share/victor_nav/config/gazebo_params.yaml
[0.737s] -- Installing: /home/abood/victor_/install/victor_nav/share/victor_nav/description
[0.737s] -- Installing: /home/abood/victor_/install/victor_nav/share/victor_nav/description/gazebo_control.xacro
[0.737s] -- Installing: /home/abood/victor_/install/victor_nav/share/victor_nav/description/camera.xacro
[0.737s] -- Installing: /home/abood/victor_/install/victor_nav/share/victor_nav/description/ros2_control.xacro
[0.737s] -- Installing: /home/abood/victor_/install/victor_nav/share/victor_nav/description/inertial_macros.xacro
[0.737s] -- Installing: /home/abood/victor_/install/victor_nav/share/victor_nav/description/robot_core.xacro
[0.737s] -- Installing: /home/abood/victor_/install/victor_nav/share/victor_nav/description/robot.urdf.xacro
[0.737s] -- Installing: /home/abood/victor_/install/victor_nav/share/victor_nav/description/depth_camera.xacro
[0.738s] -- Installing: /home/abood/victor_/install/victor_nav/share/victor_nav/launch
[0.738s] -- Installing: /home/abood/victor_/install/victor_nav/share/victor_nav/launch/camera.launch.py
[0.738s] -- Installing: /home/abood/victor_/install/victor_nav/share/victor_nav/launch/launch_sim.launch.py
[0.738s] -- Installing: /home/abood/victor_/install/victor_nav/share/victor_nav/launch/rsp.launch.py
[0.738s] -- Installing: /home/abood/victor_/install/victor_nav/share/victor_nav/launch/joystick.launch.py
[0.738s] -- Installing: /home/abood/victor_/install/victor_nav/share/victor_nav/launch/launch_robot.launch.py
[0.738s] -- Installing: /home/abood/victor_/install/victor_nav/share/victor_nav/worlds
[0.738s] -- Installing: /home/abood/victor_/install/victor_nav/share/victor_nav/worlds/empty.world
[0.738s] -- Installing: /home/abood/victor_/install/victor_nav/share/ament_index/resource_index/package_run_dependencies/victor_nav
[0.738s] -- Installing: /home/abood/victor_/install/victor_nav/share/ament_index/resource_index/parent_prefix_path/victor_nav
[0.738s] -- Installing: /home/abood/victor_/install/victor_nav/share/victor_nav/environment/ament_prefix_path.sh
[0.738s] -- Installing: /home/abood/victor_/install/victor_nav/share/victor_nav/environment/ament_prefix_path.dsv
[0.739s] -- Installing: /home/abood/victor_/install/victor_nav/share/victor_nav/environment/path.sh
[0.739s] -- Installing: /home/abood/victor_/install/victor_nav/share/victor_nav/environment/path.dsv
[0.739s] -- Installing: /home/abood/victor_/install/victor_nav/share/victor_nav/local_setup.bash
[0.739s] -- Installing: /home/abood/victor_/install/victor_nav/share/victor_nav/local_setup.sh
[0.739s] -- Installing: /home/abood/victor_/install/victor_nav/share/victor_nav/local_setup.zsh
[0.739s] -- Installing: /home/abood/victor_/install/victor_nav/share/victor_nav/local_setup.dsv
[0.739s] -- Installing: /home/abood/victor_/install/victor_nav/share/victor_nav/package.dsv
[0.739s] -- Installing: /home/abood/victor_/install/victor_nav/share/ament_index/resource_index/packages/victor_nav
[0.739s] -- Installing: /home/abood/victor_/install/victor_nav/share/victor_nav/cmake/victor_navConfig.cmake
[0.739s] -- Installing: /home/abood/victor_/install/victor_nav/share/victor_nav/cmake/victor_navConfig-version.cmake
[0.739s] -- Installing: /home/abood/victor_/install/victor_nav/share/victor_nav/package.xml
[0.740s] Invoked command in '/home/abood/victor_/build/victor_nav' returned '0': CMAKE_PREFIX_PATH=${CMAKE_PREFIX_PATH}:/home/abood/ros2_test/install/my_py_pkg:/opt/ros/humble /usr/bin/cmake --install /home/abood/victor_/build/victor_nav
