[0.097s] DEBUG:colcon:Command line arguments: ['/usr/bin/colcon', 'build']
[0.097s] DEBUG:colcon:Parsed command line arguments: Namespace(log_base=None, log_level=None, verb_name='build', build_base='build', install_base='install', merge_install=False, symlink_install=False, test_result_base=None, continue_on_error=False, executor='parallel', parallel_workers=16, event_handlers=None, ignore_user_meta=False, metas=['./colcon.meta'], base_paths=['.'], packages_ignore=None, packages_ignore_regex=None, paths=None, packages_up_to=None, packages_up_to_regex=None, packages_above=None, packages_above_and_dependencies=None, packages_above_depth=None, packages_select_by_dep=None, packages_skip_by_dep=None, packages_skip_up_to=None, packages_select_build_failed=False, packages_skip_build_finished=False, packages_select_test_failures=False, packages_skip_test_passed=False, packages_select=None, packages_skip=None, packages_select_regex=None, packages_skip_regex=None, packages_start=None, packages_end=None, allow_overriding=[], cmake_args=None, cmake_target=None, cmake_target_skip_unavailable=False, cmake_clean_cache=False, cmake_clean_first=False, cmake_force_configure=False, ament_cmake_args=None, catkin_cmake_args=None, catkin_skip_building_tests=False, mixin_files=None, mixin=None, verb_parser=<colcon_mixin.mixin.mixin_argument.MixinArgumentDecorator object at 0x703d40c5b400>, verb_extension=<colcon_core.verb.build.BuildVerb object at 0x703d40c5a650>, main=<bound method BuildVerb.main of <colcon_core.verb.build.BuildVerb object at 0x703d40c5a650>>, mixin_verb=('build',))
[0.248s] Level 1:colcon.colcon_core.package_discovery:discover_packages(colcon_meta) check parameters
[0.248s] Level 1:colcon.colcon_core.package_discovery:discover_packages(recursive) check parameters
[0.248s] Level 1:colcon.colcon_core.package_discovery:discover_packages(ignore) check parameters
[0.248s] Level 1:colcon.colcon_core.package_discovery:discover_packages(path) check parameters
[0.248s] Level 1:colcon.colcon_core.package_discovery:discover_packages(colcon_meta) discover
[0.248s] Level 1:colcon.colcon_core.package_discovery:discover_packages(recursive) discover
[0.248s] INFO:colcon.colcon_core.package_discovery:Crawling recursively for packages in '/home/abood/victor_'
[0.248s] Level 1:colcon.colcon_core.package_identification:_identify(.) by extensions ['ignore', 'ignore_ament_install']
[0.248s] Level 1:colcon.colcon_core.package_identification:_identify(.) by extension 'ignore'
[0.248s] Level 1:colcon.colcon_core.package_identification:_identify(.) by extension 'ignore_ament_install'
[0.248s] Level 1:colcon.colcon_core.package_identification:_identify(.) by extensions ['colcon_pkg']
[0.248s] Level 1:colcon.colcon_core.package_identification:_identify(.) by extension 'colcon_pkg'
[0.248s] Level 1:colcon.colcon_core.package_identification:_identify(.) by extensions ['colcon_meta']
[0.248s] Level 1:colcon.colcon_core.package_identification:_identify(.) by extension 'colcon_meta'
[0.249s] Level 1:colcon.colcon_core.package_identification:_identify(.) by extensions ['ros']
[0.249s] Level 1:colcon.colcon_core.package_identification:_identify(.) by extension 'ros'
[0.256s] Level 1:colcon.colcon_core.package_identification:_identify(.) by extensions ['cmake', 'python']
[0.256s] Level 1:colcon.colcon_core.package_identification:_identify(.) by extension 'cmake'
[0.256s] Level 1:colcon.colcon_core.package_identification:_identify(.) by extension 'python'
[0.256s] Level 1:colcon.colcon_core.package_identification:_identify(.) by extensions ['python_setup_py']
[0.256s] Level 1:colcon.colcon_core.package_identification:_identify(.) by extension 'python_setup_py'
[0.256s] Level 1:colcon.colcon_core.package_identification:_identify(build) by extensions ['ignore', 'ignore_ament_install']
[0.256s] Level 1:colcon.colcon_core.package_identification:_identify(build) by extension 'ignore'
[0.256s] Level 1:colcon.colcon_core.package_identification:_identify(build) ignored
[0.256s] Level 1:colcon.colcon_core.package_identification:_identify(install) by extensions ['ignore', 'ignore_ament_install']
[0.256s] Level 1:colcon.colcon_core.package_identification:_identify(install) by extension 'ignore'
[0.256s] Level 1:colcon.colcon_core.package_identification:_identify(install) ignored
[0.257s] Level 1:colcon.colcon_core.package_identification:_identify(log) by extensions ['ignore', 'ignore_ament_install']
[0.257s] Level 1:colcon.colcon_core.package_identification:_identify(log) by extension 'ignore'
[0.257s] Level 1:colcon.colcon_core.package_identification:_identify(log) ignored
[0.257s] Level 1:colcon.colcon_core.package_identification:_identify(src) by extensions ['ignore', 'ignore_ament_install']
[0.257s] Level 1:colcon.colcon_core.package_identification:_identify(src) by extension 'ignore'
[0.257s] Level 1:colcon.colcon_core.package_identification:_identify(src) by extension 'ignore_ament_install'
[0.257s] Level 1:colcon.colcon_core.package_identification:_identify(src) by extensions ['colcon_pkg']
[0.257s] Level 1:colcon.colcon_core.package_identification:_identify(src) by extension 'colcon_pkg'
[0.257s] Level 1:colcon.colcon_core.package_identification:_identify(src) by extensions ['colcon_meta']
[0.257s] Level 1:colcon.colcon_core.package_identification:_identify(src) by extension 'colcon_meta'
[0.257s] Level 1:colcon.colcon_core.package_identification:_identify(src) by extensions ['ros']
[0.257s] Level 1:colcon.colcon_core.package_identification:_identify(src) by extension 'ros'
[0.257s] Level 1:colcon.colcon_core.package_identification:_identify(src) by extensions ['cmake', 'python']
[0.257s] Level 1:colcon.colcon_core.package_identification:_identify(src) by extension 'cmake'
[0.257s] Level 1:colcon.colcon_core.package_identification:_identify(src) by extension 'python'
[0.257s] Level 1:colcon.colcon_core.package_identification:_identify(src) by extensions ['python_setup_py']
[0.257s] Level 1:colcon.colcon_core.package_identification:_identify(src) by extension 'python_setup_py'
[0.257s] Level 1:colcon.colcon_core.package_identification:_identify(src/send_vel) by extensions ['ignore', 'ignore_ament_install']
[0.257s] Level 1:colcon.colcon_core.package_identification:_identify(src/send_vel) by extension 'ignore'
[0.257s] Level 1:colcon.colcon_core.package_identification:_identify(src/send_vel) by extension 'ignore_ament_install'
[0.257s] Level 1:colcon.colcon_core.package_identification:_identify(src/send_vel) by extensions ['colcon_pkg']
[0.257s] Level 1:colcon.colcon_core.package_identification:_identify(src/send_vel) by extension 'colcon_pkg'
[0.257s] Level 1:colcon.colcon_core.package_identification:_identify(src/send_vel) by extensions ['colcon_meta']
[0.257s] Level 1:colcon.colcon_core.package_identification:_identify(src/send_vel) by extension 'colcon_meta'
[0.257s] Level 1:colcon.colcon_core.package_identification:_identify(src/send_vel) by extensions ['ros']
[0.257s] Level 1:colcon.colcon_core.package_identification:_identify(src/send_vel) by extension 'ros'
[0.260s] DEBUG:colcon.colcon_core.package_identification:Package 'src/send_vel' with type 'ros.ament_python' and name 'send_vel'
[0.260s] Level 1:colcon.colcon_core.package_identification:_identify(src/victor_nav) by extensions ['ignore', 'ignore_ament_install']
[0.260s] Level 1:colcon.colcon_core.package_identification:_identify(src/victor_nav) by extension 'ignore'
[0.260s] Level 1:colcon.colcon_core.package_identification:_identify(src/victor_nav) by extension 'ignore_ament_install'
[0.260s] Level 1:colcon.colcon_core.package_identification:_identify(src/victor_nav) by extensions ['colcon_pkg']
[0.260s] Level 1:colcon.colcon_core.package_identification:_identify(src/victor_nav) by extension 'colcon_pkg'
[0.260s] Level 1:colcon.colcon_core.package_identification:_identify(src/victor_nav) by extensions ['colcon_meta']
[0.260s] Level 1:colcon.colcon_core.package_identification:_identify(src/victor_nav) by extension 'colcon_meta'
[0.260s] Level 1:colcon.colcon_core.package_identification:_identify(src/victor_nav) by extensions ['ros']
[0.260s] Level 1:colcon.colcon_core.package_identification:_identify(src/victor_nav) by extension 'ros'
[0.260s] DEBUG:colcon.colcon_core.package_identification:Package 'src/victor_nav' with type 'ros.ament_cmake' and name 'victor_nav'
[0.260s] Level 1:colcon.colcon_core.package_discovery:discover_packages(recursive) using defaults
[0.261s] Level 1:colcon.colcon_core.package_discovery:discover_packages(ignore) discover
[0.261s] Level 1:colcon.colcon_core.package_discovery:discover_packages(ignore) using defaults
[0.261s] Level 1:colcon.colcon_core.package_discovery:discover_packages(path) discover
[0.261s] Level 1:colcon.colcon_core.package_discovery:discover_packages(path) using defaults
[0.281s] Level 1:colcon.colcon_core.package_discovery:discover_packages(prefix_path) check parameters
[0.281s] Level 1:colcon.colcon_core.package_discovery:discover_packages(prefix_path) discover
[0.283s] DEBUG:colcon.colcon_installed_package_information.package_discovery:Found 3 installed packages in /home/abood/ros2_test/install
[0.284s] DEBUG:colcon.colcon_installed_package_information.package_discovery:Found 475 installed packages in /opt/ros/humble
[0.285s] Level 1:colcon.colcon_core.package_discovery:discover_packages(prefix_path) using defaults
[0.318s] Level 5:colcon.colcon_core.verb:set package 'send_vel' build argument 'cmake_args' from command line to 'None'
[0.318s] Level 5:colcon.colcon_core.verb:set package 'send_vel' build argument 'cmake_target' from command line to 'None'
[0.318s] Level 5:colcon.colcon_core.verb:set package 'send_vel' build argument 'cmake_target_skip_unavailable' from command line to 'False'
[0.318s] Level 5:colcon.colcon_core.verb:set package 'send_vel' build argument 'cmake_clean_cache' from command line to 'False'
[0.318s] Level 5:colcon.colcon_core.verb:set package 'send_vel' build argument 'cmake_clean_first' from command line to 'False'
[0.318s] Level 5:colcon.colcon_core.verb:set package 'send_vel' build argument 'cmake_force_configure' from command line to 'False'
[0.318s] Level 5:colcon.colcon_core.verb:set package 'send_vel' build argument 'ament_cmake_args' from command line to 'None'
[0.318s] Level 5:colcon.colcon_core.verb:set package 'send_vel' build argument 'catkin_cmake_args' from command line to 'None'
[0.318s] Level 5:colcon.colcon_core.verb:set package 'send_vel' build argument 'catkin_skip_building_tests' from command line to 'False'
[0.318s] DEBUG:colcon.colcon_core.verb:Building package 'send_vel' with the following arguments: {'ament_cmake_args': None, 'build_base': '/home/abood/victor_/build/send_vel', 'catkin_cmake_args': None, 'catkin_skip_building_tests': False, 'cmake_args': None, 'cmake_clean_cache': False, 'cmake_clean_first': False, 'cmake_force_configure': False, 'cmake_target': None, 'cmake_target_skip_unavailable': False, 'install_base': '/home/abood/victor_/install/send_vel', 'merge_install': False, 'path': '/home/abood/victor_/src/send_vel', 'symlink_install': False, 'test_result_base': None}
[0.318s] Level 5:colcon.colcon_core.verb:set package 'victor_nav' build argument 'cmake_args' from command line to 'None'
[0.318s] Level 5:colcon.colcon_core.verb:set package 'victor_nav' build argument 'cmake_target' from command line to 'None'
[0.318s] Level 5:colcon.colcon_core.verb:set package 'victor_nav' build argument 'cmake_target_skip_unavailable' from command line to 'False'
[0.318s] Level 5:colcon.colcon_core.verb:set package 'victor_nav' build argument 'cmake_clean_cache' from command line to 'False'
[0.318s] Level 5:colcon.colcon_core.verb:set package 'victor_nav' build argument 'cmake_clean_first' from command line to 'False'
[0.318s] Level 5:colcon.colcon_core.verb:set package 'victor_nav' build argument 'cmake_force_configure' from command line to 'False'
[0.318s] Level 5:colcon.colcon_core.verb:set package 'victor_nav' build argument 'ament_cmake_args' from command line to 'None'
[0.318s] Level 5:colcon.colcon_core.verb:set package 'victor_nav' build argument 'catkin_cmake_args' from command line to 'None'
[0.318s] Level 5:colcon.colcon_core.verb:set package 'victor_nav' build argument 'catkin_skip_building_tests' from command line to 'False'
[0.318s] DEBUG:colcon.colcon_core.verb:Building package 'victor_nav' with the following arguments: {'ament_cmake_args': None, 'build_base': '/home/abood/victor_/build/victor_nav', 'catkin_cmake_args': None, 'catkin_skip_building_tests': False, 'cmake_args': None, 'cmake_clean_cache': False, 'cmake_clean_first': False, 'cmake_force_configure': False, 'cmake_target': None, 'cmake_target_skip_unavailable': False, 'install_base': '/home/abood/victor_/install/victor_nav', 'merge_install': False, 'path': '/home/abood/victor_/src/victor_nav', 'symlink_install': False, 'test_result_base': None}
[0.319s] INFO:colcon.colcon_core.executor:Executing jobs using 'parallel' executor
[0.319s] DEBUG:colcon.colcon_parallel_executor.executor.parallel:run_until_complete
[0.319s] INFO:colcon.colcon_ros.task.ament_python.build:Building ROS package in '/home/abood/victor_/src/send_vel' with build type 'ament_python'
[0.319s] Level 1:colcon.colcon_core.shell:create_environment_hook('send_vel', 'ament_prefix_path')
[0.321s] INFO:colcon.colcon_core.plugin_system:Skipping extension 'colcon_core.shell.bat': Not used on non-Windows systems
[0.321s] INFO:colcon.colcon_core.shell:Creating environment hook '/home/abood/victor_/install/send_vel/share/send_vel/hook/ament_prefix_path.ps1'
[0.322s] INFO:colcon.colcon_core.shell:Creating environment descriptor '/home/abood/victor_/install/send_vel/share/send_vel/hook/ament_prefix_path.dsv'
[0.322s] INFO:colcon.colcon_core.shell:Creating environment hook '/home/abood/victor_/install/send_vel/share/send_vel/hook/ament_prefix_path.sh'
[0.323s] INFO:colcon.colcon_core.shell:Skip shell extension 'powershell' for command environment: Not usable outside of PowerShell
[0.323s] DEBUG:colcon.colcon_core.shell:Skip shell extension 'dsv' for command environment
[0.325s] INFO:colcon.colcon_ros.task.ament_cmake.build:Building ROS package in '/home/abood/victor_/src/victor_nav' with build type 'ament_cmake'
[0.325s] INFO:colcon.colcon_cmake.task.cmake.build:Building CMake package in '/home/abood/victor_/src/victor_nav'
[0.325s] INFO:colcon.colcon_core.shell:Skip shell extension 'powershell' for command environment: Not usable outside of PowerShell
[0.325s] DEBUG:colcon.colcon_core.shell:Skip shell extension 'dsv' for command environment
[0.488s] INFO:colcon.colcon_core.task.python.build:Building Python package in '/home/abood/victor_/src/send_vel'
[0.488s] INFO:colcon.colcon_core.shell:Skip shell extension 'powershell' for command environment: Not usable outside of PowerShell
[0.488s] DEBUG:colcon.colcon_core.shell:Skip shell extension 'dsv' for command environment
[0.493s] DEBUG:colcon.colcon_core.event_handler.log_command:Invoking command in '/home/abood/victor_/build/victor_nav': CMAKE_PREFIX_PATH=${CMAKE_PREFIX_PATH}:/home/abood/ros2_test/install/my_py_pkg:/opt/ros/humble /usr/bin/cmake /home/abood/victor_/src/victor_nav -DCMAKE_INSTALL_PREFIX=/home/abood/victor_/install/victor_nav
[0.777s] DEBUG:colcon.colcon_core.event_handler.log_command:Invoking command in '/home/abood/victor_/src/send_vel': PYTHONPATH=/home/abood/victor_/build/send_vel/prefix_override:/usr/lib/python3/dist-packages/colcon_core/task/python/colcon_distutils_commands:/home/abood/victor_/install/send_vel/lib/python3.10/site-packages:${PYTHONPATH} /usr/bin/python3 -W ignore:setup.py install is deprecated -W ignore:easy_install command is deprecated setup.py egg_info --egg-base ../../build/send_vel build --build-base /home/abood/victor_/build/send_vel/build install --record /home/abood/victor_/build/send_vel/install.log --single-version-externally-managed install_data
[0.967s] DEBUG:colcon.colcon_core.event_handler.log_command:Invoked command in '/home/abood/victor_/src/send_vel' returned '0': PYTHONPATH=/home/abood/victor_/build/send_vel/prefix_override:/usr/lib/python3/dist-packages/colcon_core/task/python/colcon_distutils_commands:/home/abood/victor_/install/send_vel/lib/python3.10/site-packages:${PYTHONPATH} /usr/bin/python3 -W ignore:setup.py install is deprecated -W ignore:easy_install command is deprecated setup.py egg_info --egg-base ../../build/send_vel build --build-base /home/abood/victor_/build/send_vel/build install --record /home/abood/victor_/build/send_vel/install.log --single-version-externally-managed install_data
[0.970s] Level 1:colcon.colcon_core.environment:checking '/home/abood/victor_/install/send_vel' for CMake module files
[0.970s] Level 1:colcon.colcon_core.environment:checking '/home/abood/victor_/install/send_vel' for CMake config files
[0.971s] Level 1:colcon.colcon_core.environment:checking '/home/abood/victor_/install/send_vel/lib'
[0.971s] Level 1:colcon.colcon_core.environment:checking '/home/abood/victor_/install/send_vel/bin'
[0.971s] Level 1:colcon.colcon_core.environment:checking '/home/abood/victor_/install/send_vel/lib/pkgconfig/send_vel.pc'
[0.971s] Level 1:colcon.colcon_core.environment:checking '/home/abood/victor_/install/send_vel/lib/python3.10/site-packages'
[0.971s] Level 1:colcon.colcon_core.shell:create_environment_hook('send_vel', 'pythonpath')
[0.971s] INFO:colcon.colcon_core.shell:Creating environment hook '/home/abood/victor_/install/send_vel/share/send_vel/hook/pythonpath.ps1'
[0.971s] INFO:colcon.colcon_core.shell:Creating environment descriptor '/home/abood/victor_/install/send_vel/share/send_vel/hook/pythonpath.dsv'
[0.972s] INFO:colcon.colcon_core.shell:Creating environment hook '/home/abood/victor_/install/send_vel/share/send_vel/hook/pythonpath.sh'
[0.972s] Level 1:colcon.colcon_core.environment:checking '/home/abood/victor_/install/send_vel/bin'
[0.972s] Level 1:colcon.colcon_core.environment:create_environment_scripts_only(send_vel)
[0.972s] INFO:colcon.colcon_core.shell:Creating package script '/home/abood/victor_/install/send_vel/share/send_vel/package.ps1'
[0.973s] INFO:colcon.colcon_core.shell:Creating package descriptor '/home/abood/victor_/install/send_vel/share/send_vel/package.dsv'
[0.973s] INFO:colcon.colcon_core.shell:Creating package script '/home/abood/victor_/install/send_vel/share/send_vel/package.sh'
[0.976s] INFO:colcon.colcon_core.shell:Creating package script '/home/abood/victor_/install/send_vel/share/send_vel/package.bash'
[0.976s] INFO:colcon.colcon_core.shell:Creating package script '/home/abood/victor_/install/send_vel/share/send_vel/package.zsh'
[0.977s] Level 1:colcon.colcon_core.environment:create_file_with_runtime_dependencies(/home/abood/victor_/install/send_vel/share/colcon-core/packages/send_vel)
[1.024s] DEBUG:colcon.colcon_core.event_handler.log_command:Invoked command in '/home/abood/victor_/build/victor_nav' returned '0': CMAKE_PREFIX_PATH=${CMAKE_PREFIX_PATH}:/home/abood/ros2_test/install/my_py_pkg:/opt/ros/humble /usr/bin/cmake /home/abood/victor_/src/victor_nav -DCMAKE_INSTALL_PREFIX=/home/abood/victor_/install/victor_nav
[1.026s] DEBUG:colcon.colcon_core.event_handler.log_command:Invoking command in '/home/abood/victor_/build/victor_nav': CMAKE_PREFIX_PATH=${CMAKE_PREFIX_PATH}:/home/abood/ros2_test/install/my_py_pkg:/opt/ros/humble /usr/bin/cmake --build /home/abood/victor_/build/victor_nav -- -j16 -l16
[1.048s] DEBUG:colcon.colcon_core.event_handler.log_command:Invoked command in '/home/abood/victor_/build/victor_nav' returned '0': CMAKE_PREFIX_PATH=${CMAKE_PREFIX_PATH}:/home/abood/ros2_test/install/my_py_pkg:/opt/ros/humble /usr/bin/cmake --build /home/abood/victor_/build/victor_nav -- -j16 -l16
[1.054s] DEBUG:colcon.colcon_core.event_handler.log_command:Invoking command in '/home/abood/victor_/build/victor_nav': CMAKE_PREFIX_PATH=${CMAKE_PREFIX_PATH}:/home/abood/ros2_test/install/my_py_pkg:/opt/ros/humble /usr/bin/cmake --install /home/abood/victor_/build/victor_nav
[1.066s] Level 1:colcon.colcon_core.environment:create_environment_scripts_only(victor_nav)
[1.066s] Level 1:colcon.colcon_core.environment:checking '/home/abood/victor_/install/victor_nav' for CMake module files
[1.066s] DEBUG:colcon.colcon_core.event_handler.log_command:Invoked command in '/home/abood/victor_/build/victor_nav' returned '0': CMAKE_PREFIX_PATH=${CMAKE_PREFIX_PATH}:/home/abood/ros2_test/install/my_py_pkg:/opt/ros/humble /usr/bin/cmake --install /home/abood/victor_/build/victor_nav
[1.066s] Level 1:colcon.colcon_core.environment:checking '/home/abood/victor_/install/victor_nav' for CMake config files
[1.066s] Level 1:colcon.colcon_core.shell:create_environment_hook('victor_nav', 'cmake_prefix_path')
[1.066s] INFO:colcon.colcon_core.shell:Creating environment hook '/home/abood/victor_/install/victor_nav/share/victor_nav/hook/cmake_prefix_path.ps1'
[1.067s] INFO:colcon.colcon_core.shell:Creating environment descriptor '/home/abood/victor_/install/victor_nav/share/victor_nav/hook/cmake_prefix_path.dsv'
[1.067s] INFO:colcon.colcon_core.shell:Creating environment hook '/home/abood/victor_/install/victor_nav/share/victor_nav/hook/cmake_prefix_path.sh'
[1.067s] Level 1:colcon.colcon_core.environment:checking '/home/abood/victor_/install/victor_nav/bin'
[1.067s] Level 1:colcon.colcon_core.environment:checking '/home/abood/victor_/install/victor_nav/lib/pkgconfig/victor_nav.pc'
[1.067s] Level 1:colcon.colcon_core.environment:checking '/home/abood/victor_/install/victor_nav/lib/python3.10/site-packages'
[1.068s] Level 1:colcon.colcon_core.environment:checking '/home/abood/victor_/install/victor_nav/bin'
[1.068s] INFO:colcon.colcon_core.shell:Creating package script '/home/abood/victor_/install/victor_nav/share/victor_nav/package.ps1'
[1.068s] INFO:colcon.colcon_core.shell:Creating package descriptor '/home/abood/victor_/install/victor_nav/share/victor_nav/package.dsv'
[1.068s] INFO:colcon.colcon_core.shell:Creating package script '/home/abood/victor_/install/victor_nav/share/victor_nav/package.sh'
[1.068s] INFO:colcon.colcon_core.shell:Creating package script '/home/abood/victor_/install/victor_nav/share/victor_nav/package.bash'
[1.069s] INFO:colcon.colcon_core.shell:Creating package script '/home/abood/victor_/install/victor_nav/share/victor_nav/package.zsh'
[1.069s] Level 1:colcon.colcon_core.environment:create_file_with_runtime_dependencies(/home/abood/victor_/install/victor_nav/share/colcon-core/packages/victor_nav)
[1.069s] Level 1:colcon.colcon_core.environment:create_environment_scripts_only(victor_nav)
[1.069s] Level 1:colcon.colcon_core.environment:checking '/home/abood/victor_/install/victor_nav' for CMake module files
[1.069s] Level 1:colcon.colcon_core.environment:checking '/home/abood/victor_/install/victor_nav' for CMake config files
[1.070s] Level 1:colcon.colcon_core.shell:create_environment_hook('victor_nav', 'cmake_prefix_path')
[1.070s] INFO:colcon.colcon_core.shell:Creating environment hook '/home/abood/victor_/install/victor_nav/share/victor_nav/hook/cmake_prefix_path.ps1'
[1.070s] INFO:colcon.colcon_core.shell:Creating environment descriptor '/home/abood/victor_/install/victor_nav/share/victor_nav/hook/cmake_prefix_path.dsv'
[1.070s] INFO:colcon.colcon_core.shell:Creating environment hook '/home/abood/victor_/install/victor_nav/share/victor_nav/hook/cmake_prefix_path.sh'
[1.070s] Level 1:colcon.colcon_core.environment:checking '/home/abood/victor_/install/victor_nav/bin'
[1.070s] Level 1:colcon.colcon_core.environment:checking '/home/abood/victor_/install/victor_nav/lib/pkgconfig/victor_nav.pc'
[1.071s] Level 1:colcon.colcon_core.environment:checking '/home/abood/victor_/install/victor_nav/lib/python3.10/site-packages'
[1.071s] Level 1:colcon.colcon_core.environment:checking '/home/abood/victor_/install/victor_nav/bin'
[1.071s] INFO:colcon.colcon_core.shell:Creating package script '/home/abood/victor_/install/victor_nav/share/victor_nav/package.ps1'
[1.071s] INFO:colcon.colcon_core.shell:Creating package descriptor '/home/abood/victor_/install/victor_nav/share/victor_nav/package.dsv'
[1.072s] INFO:colcon.colcon_core.shell:Creating package script '/home/abood/victor_/install/victor_nav/share/victor_nav/package.sh'
[1.072s] INFO:colcon.colcon_core.shell:Creating package script '/home/abood/victor_/install/victor_nav/share/victor_nav/package.bash'
[1.072s] INFO:colcon.colcon_core.shell:Creating package script '/home/abood/victor_/install/victor_nav/share/victor_nav/package.zsh'
[1.072s] Level 1:colcon.colcon_core.environment:create_file_with_runtime_dependencies(/home/abood/victor_/install/victor_nav/share/colcon-core/packages/victor_nav)
[1.072s] DEBUG:colcon.colcon_parallel_executor.executor.parallel:closing loop
[1.073s] DEBUG:colcon.colcon_parallel_executor.executor.parallel:loop closed
[1.073s] DEBUG:colcon.colcon_parallel_executor.executor.parallel:run_until_complete finished with '0'
[1.073s] DEBUG:colcon.colcon_core.event_reactor:joining thread
[1.076s] INFO:colcon.colcon_core.plugin_system:Skipping extension 'colcon_notification.desktop_notification.terminal_notifier': Not used on non-Darwin systems
[1.076s] INFO:colcon.colcon_core.plugin_system:Skipping extension 'colcon_notification.desktop_notification.win32': Not used on non-Windows systems
[1.076s] INFO:colcon.colcon_notification.desktop_notification:Sending desktop notification using 'notify2'
[1.085s] DEBUG:colcon.colcon_core.event_reactor:joined thread
[1.086s] INFO:colcon.colcon_core.shell:Creating prefix script '/home/abood/victor_/install/local_setup.ps1'
[1.086s] INFO:colcon.colcon_core.shell:Creating prefix util module '/home/abood/victor_/install/_local_setup_util_ps1.py'
[1.087s] INFO:colcon.colcon_core.shell:Creating prefix chain script '/home/abood/victor_/install/setup.ps1'
[1.088s] INFO:colcon.colcon_core.shell:Creating prefix script '/home/abood/victor_/install/local_setup.sh'
[1.088s] INFO:colcon.colcon_core.shell:Creating prefix util module '/home/abood/victor_/install/_local_setup_util_sh.py'
[1.089s] INFO:colcon.colcon_core.shell:Creating prefix chain script '/home/abood/victor_/install/setup.sh'
[1.090s] INFO:colcon.colcon_core.shell:Creating prefix script '/home/abood/victor_/install/local_setup.bash'
[1.090s] INFO:colcon.colcon_core.shell:Creating prefix chain script '/home/abood/victor_/install/setup.bash'
[1.091s] INFO:colcon.colcon_core.shell:Creating prefix script '/home/abood/victor_/install/local_setup.zsh'
[1.092s] INFO:colcon.colcon_core.shell:Creating prefix chain script '/home/abood/victor_/install/setup.zsh'
