[0.458s] Invoking command in '/home/abood/victor_/src/send_vel': PYTHONPATH=/home/abood/victor_/build/send_vel/prefix_override:/usr/lib/python3/dist-packages/colcon_core/task/python/colcon_distutils_commands:/home/abood/victor_/install/send_vel/lib/python3.10/site-packages:${PYTHONPATH} /usr/bin/python3 -W ignore:setup.py install is deprecated -W ignore:easy_install command is deprecated setup.py egg_info --egg-base ../../build/send_vel build --build-base /home/abood/victor_/build/send_vel/build install --record /home/abood/victor_/build/send_vel/install.log --single-version-externally-managed install_data
[0.614s] running egg_info
[0.614s] writing ../../build/send_vel/send_vel.egg-info/PKG-INFO
[0.614s] writing dependency_links to ../../build/send_vel/send_vel.egg-info/dependency_links.txt
[0.614s] writing entry points to ../../build/send_vel/send_vel.egg-info/entry_points.txt
[0.614s] writing requirements to ../../build/send_vel/send_vel.egg-info/requires.txt
[0.614s] writing top-level names to ../../build/send_vel/send_vel.egg-info/top_level.txt
[0.616s] reading manifest file '../../build/send_vel/send_vel.egg-info/SOURCES.txt'
[0.616s] writing manifest file '../../build/send_vel/send_vel.egg-info/SOURCES.txt'
[0.616s] running build
[0.616s] running build_py
[0.616s] copying send_vel/diff_driver.py -> /home/abood/victor_/build/send_vel/build/lib/send_vel
[0.617s] running install
[0.617s] running install_lib
[0.617s] copying /home/abood/victor_/build/send_vel/build/lib/send_vel/diff_driver.py -> /home/abood/victor_/install/send_vel/lib/python3.10/site-packages/send_vel
[0.617s] byte-compiling /home/abood/victor_/install/send_vel/lib/python3.10/site-packages/send_vel/diff_driver.py to diff_driver.cpython-310.pyc
[0.618s] running install_data
[0.618s] running install_egg_info
[0.619s] removing '/home/abood/victor_/install/send_vel/lib/python3.10/site-packages/send_vel-0.0.0-py3.10.egg-info' (and everything under it)
[0.619s] Copying ../../build/send_vel/send_vel.egg-info to /home/abood/victor_/install/send_vel/lib/python3.10/site-packages/send_vel-0.0.0-py3.10.egg-info
[0.620s] running install_scripts
[0.633s] Installing diff_driver script to /home/abood/victor_/install/send_vel/lib/send_vel
[0.633s] writing list of installed files to '/home/abood/victor_/build/send_vel/install.log'
[0.648s] Invoked command in '/home/abood/victor_/src/send_vel' returned '0': PYTHONPATH=/home/abood/victor_/build/send_vel/prefix_override:/usr/lib/python3/dist-packages/colcon_core/task/python/colcon_distutils_commands:/home/abood/victor_/install/send_vel/lib/python3.10/site-packages:${PYTHONPATH} /usr/bin/python3 -W ignore:setup.py install is deprecated -W ignore:easy_install command is deprecated setup.py egg_info --egg-base ../../build/send_vel build --build-base /home/abood/victor_/build/send_vel/build install --record /home/abood/victor_/build/send_vel/install.log --single-version-externally-managed install_data
