[1.109s] Invoking command in '/home/abood/victor_/src/send_vel': PYTHONPATH=/home/abood/victor_/build/send_vel/prefix_override:/usr/lib/python3/dist-packages/colcon_core/task/python/colcon_distutils_commands:/home/abood/victor_/install/send_vel/lib/python3.10/site-packages:${PYTHONPATH} /usr/bin/python3 -W ignore:setup.py install is deprecated -W ignore:easy_install command is deprecated setup.py egg_info --egg-base ../../build/send_vel build --build-base /home/abood/victor_/build/send_vel/build install --record /home/abood/victor_/build/send_vel/install.log --single-version-externally-managed install_data
[1.329s] running egg_info
[1.329s] writing ../../build/send_vel/send_vel.egg-info/PKG-INFO
[1.338s] writing dependency_links to ../../build/send_vel/send_vel.egg-info/dependency_links.txt
[1.338s] writing entry points to ../../build/send_vel/send_vel.egg-info/entry_points.txt
[1.338s] writing requirements to ../../build/send_vel/send_vel.egg-info/requires.txt
[1.339s] writing top-level names to ../../build/send_vel/send_vel.egg-info/top_level.txt
[1.340s] reading manifest file '../../build/send_vel/send_vel.egg-info/SOURCES.txt'
[1.341s] writing manifest file '../../build/send_vel/send_vel.egg-info/SOURCES.txt'
[1.341s] running build
[1.342s] running build_py
[1.342s] running install
[1.343s] running install_lib
[1.345s] running install_data
[1.345s] running install_egg_info
[1.347s] removing '/home/abood/victor_/install/send_vel/lib/python3.10/site-packages/send_vel-0.0.0-py3.10.egg-info' (and everything under it)
[1.347s] Copying ../../build/send_vel/send_vel.egg-info to /home/abood/victor_/install/send_vel/lib/python3.10/site-packages/send_vel-0.0.0-py3.10.egg-info
[1.348s] running install_scripts
[1.367s] Installing diff_driver script to /home/abood/victor_/install/send_vel/lib/send_vel
[1.368s] writing list of installed files to '/home/abood/victor_/build/send_vel/install.log'
[1.390s] Invoked command in '/home/abood/victor_/src/send_vel' returned '0': PYTHONPATH=/home/abood/victor_/build/send_vel/prefix_override:/usr/lib/python3/dist-packages/colcon_core/task/python/colcon_distutils_commands:/home/abood/victor_/install/send_vel/lib/python3.10/site-packages:${PYTHONPATH} /usr/bin/python3 -W ignore:setup.py install is deprecated -W ignore:easy_install command is deprecated setup.py egg_info --egg-base ../../build/send_vel build --build-base /home/abood/victor_/build/send_vel/build install --record /home/abood/victor_/build/send_vel/install.log --single-version-externally-managed install_data
