running egg_info
creating ../../build/victor_planning/victor_planning.egg-info
writing ../../build/victor_planning/victor_planning.egg-info/PKG-INFO
writing dependency_links to ../../build/victor_planning/victor_planning.egg-info/dependency_links.txt
writing entry points to ../../build/victor_planning/victor_planning.egg-info/entry_points.txt
writing requirements to ../../build/victor_planning/victor_planning.egg-info/requires.txt
writing top-level names to ../../build/victor_planning/victor_planning.egg-info/top_level.txt
writing manifest file '../../build/victor_planning/victor_planning.egg-info/SOURCES.txt'
reading manifest file '../../build/victor_planning/victor_planning.egg-info/SOURCES.txt'
writing manifest file '../../build/victor_planning/victor_planning.egg-info/SOURCES.txt'
running build
running build_py
creating /home/abood/victor_/build/victor_planning/build
creating /home/abood/victor_/build/victor_planning/build/lib
creating /home/abood/victor_/build/victor_planning/build/lib/victor_planning
copying victor_planning/__init__.py -> /home/abood/victor_/build/victor_planning/build/lib/victor_planning
copying victor_planning/a_star_planner.py -> /home/abood/victor_/build/victor_planning/build/lib/victor_planning
running install
running install_lib
creating /home/abood/victor_/install/victor_planning/lib/python3.10/site-packages/victor_planning
copying /home/abood/victor_/build/victor_planning/build/lib/victor_planning/__init__.py -> /home/abood/victor_/install/victor_planning/lib/python3.10/site-packages/victor_planning
copying /home/abood/victor_/build/victor_planning/build/lib/victor_planning/a_star_planner.py -> /home/abood/victor_/install/victor_planning/lib/python3.10/site-packages/victor_planning
byte-compiling /home/abood/victor_/install/victor_planning/lib/python3.10/site-packages/victor_planning/__init__.py to __init__.cpython-310.pyc
byte-compiling /home/abood/victor_/install/victor_planning/lib/python3.10/site-packages/victor_planning/a_star_planner.py to a_star_planner.cpython-310.pyc
running install_data
creating /home/abood/victor_/install/victor_planning/share/ament_index
creating /home/abood/victor_/install/victor_planning/share/ament_index/resource_index
creating /home/abood/victor_/install/victor_planning/share/ament_index/resource_index/packages
copying resource/victor_planning -> /home/abood/victor_/install/victor_planning/share/ament_index/resource_index/packages
copying package.xml -> /home/abood/victor_/install/victor_planning/share/victor_planning
running install_egg_info
Copying ../../build/victor_planning/victor_planning.egg-info to /home/abood/victor_/install/victor_planning/lib/python3.10/site-packages/victor_planning-0.0.0-py3.10.egg-info
running install_scripts
Installing a_star_planner script to /home/abood/victor_/install/victor_planning/lib/victor_planning
writing list of installed files to '/home/abood/victor_/build/victor_planning/install.log'
