/home/abood/victor_/install/victor_planning/lib/python3.10/site-packages/victor_planning/way_point_navigator.py
/home/abood/victor_/install/victor_planning/lib/python3.10/site-packages/victor_planning/OccupancyGrid_pub.py
/home/abood/victor_/install/victor_planning/lib/python3.10/site-packages/victor_planning/__init__.py
/home/abood/victor_/install/victor_planning/lib/python3.10/site-packages/victor_planning/rviz_goal_curve_path_publisher.py
/home/abood/victor_/install/victor_planning/lib/python3.10/site-packages/victor_planning/a_star_planner.py
/home/abood/victor_/install/victor_planning/lib/python3.10/site-packages/victor_planning/simple_curve_path_publisher.py
/home/abood/victor_/install/victor_planning/lib/python3.10/site-packages/victor_planning/__pycache__/way_point_navigator.cpython-310.pyc
/home/abood/victor_/install/victor_planning/lib/python3.10/site-packages/victor_planning/__pycache__/OccupancyGrid_pub.cpython-310.pyc
/home/abood/victor_/install/victor_planning/lib/python3.10/site-packages/victor_planning/__pycache__/__init__.cpython-310.pyc
/home/abood/victor_/install/victor_planning/lib/python3.10/site-packages/victor_planning/__pycache__/rviz_goal_curve_path_publisher.cpython-310.pyc
/home/abood/victor_/install/victor_planning/lib/python3.10/site-packages/victor_planning/__pycache__/a_star_planner.cpython-310.pyc
/home/abood/victor_/install/victor_planning/lib/python3.10/site-packages/victor_planning/__pycache__/simple_curve_path_publisher.cpython-310.pyc
/home/abood/victor_/install/victor_planning/share/ament_index/resource_index/packages/victor_planning
/home/abood/victor_/install/victor_planning/share/victor_planning/package.xml
/home/abood/victor_/install/victor_planning/lib/python3.10/site-packages/victor_planning-0.0.0-py3.10.egg-info/entry_points.txt
/home/abood/victor_/install/victor_planning/lib/python3.10/site-packages/victor_planning-0.0.0-py3.10.egg-info/PKG-INFO
/home/abood/victor_/install/victor_planning/lib/python3.10/site-packages/victor_planning-0.0.0-py3.10.egg-info/top_level.txt
/home/abood/victor_/install/victor_planning/lib/python3.10/site-packages/victor_planning-0.0.0-py3.10.egg-info/zip-safe
/home/abood/victor_/install/victor_planning/lib/python3.10/site-packages/victor_planning-0.0.0-py3.10.egg-info/requires.txt
/home/abood/victor_/install/victor_planning/lib/python3.10/site-packages/victor_planning-0.0.0-py3.10.egg-info/SOURCES.txt
/home/abood/victor_/install/victor_planning/lib/python3.10/site-packages/victor_planning-0.0.0-py3.10.egg-info/dependency_links.txt
/home/abood/victor_/install/victor_planning/lib/victor_planning/OccupancyGrid_pub
/home/abood/victor_/install/victor_planning/lib/victor_planning/a_star_planner
/home/abood/victor_/install/victor_planning/lib/victor_planning/rviz_goal_curve_path_publisher
/home/abood/victor_/install/victor_planning/lib/victor_planning/simple_curve_path_publisher
/home/abood/victor_/install/victor_planning/lib/victor_planning/way_point_navigator
