[0.067s] DEBUG:colcon:Command line arguments: ['/usr/bin/colcon', 'build']
[0.067s] DEBUG:colcon:Parsed command line arguments: Namespace(log_base=None, log_level=None, verb_name='build', build_base='build', install_base='install', merge_install=False, symlink_install=False, test_result_base=None, continue_on_error=False, executor='parallel', parallel_workers=16, event_handlers=None, ignore_user_meta=False, metas=['./colcon.meta'], base_paths=['.'], packages_ignore=None, packages_ignore_regex=None, paths=None, packages_up_to=None, packages_up_to_regex=None, packages_above=None, packages_above_and_dependencies=None, packages_above_depth=None, packages_select_by_dep=None, packages_skip_by_dep=None, packages_skip_up_to=None, packages_select_build_failed=False, packages_skip_build_finished=False, packages_select_test_failures=False, packages_skip_test_passed=False, packages_select=None, packages_skip=None, packages_select_regex=None, packages_skip_regex=None, packages_start=None, packages_end=None, allow_overriding=[], cmake_args=None, cmake_target=None, cmake_target_skip_unavailable=False, cmake_clean_cache=False, cmake_clean_first=False, cmake_force_configure=False, ament_cmake_args=None, catkin_cmake_args=None, catkin_skip_building_tests=False, mixin_files=None, mixin=None, verb_parser=<colcon_mixin.mixin.mixin_argument.MixinArgumentDecorator object at 0x7d4c5227b400>, verb_extension=<colcon_core.verb.build.BuildVerb object at 0x7d4c5227a650>, main=<bound method BuildVerb.main of <colcon_core.verb.build.BuildVerb object at 0x7d4c5227a650>>, mixin_verb=('build',))
[0.179s] Level 1:colcon.colcon_core.package_discovery:discover_packages(colcon_meta) check parameters
[0.179s] Level 1:colcon.colcon_core.package_discovery:discover_packages(recursive) check parameters
[0.179s] Level 1:colcon.colcon_core.package_discovery:discover_packages(ignore) check parameters
[0.179s] Level 1:colcon.colcon_core.package_discovery:discover_packages(path) check parameters
[0.179s] Level 1:colcon.colcon_core.package_discovery:discover_packages(colcon_meta) discover
[0.180s] Level 1:colcon.colcon_core.package_discovery:discover_packages(recursive) discover
[0.180s] INFO:colcon.colcon_core.package_discovery:Crawling recursively for packages in '/home/abood/victor_'
[0.180s] Level 1:colcon.colcon_core.package_identification:_identify(.) by extensions ['ignore', 'ignore_ament_install']
[0.180s] Level 1:colcon.colcon_core.package_identification:_identify(.) by extension 'ignore'
[0.180s] Level 1:colcon.colcon_core.package_identification:_identify(.) by extension 'ignore_ament_install'
[0.180s] Level 1:colcon.colcon_core.package_identification:_identify(.) by extensions ['colcon_pkg']
[0.180s] Level 1:colcon.colcon_core.package_identification:_identify(.) by extension 'colcon_pkg'
[0.180s] Level 1:colcon.colcon_core.package_identification:_identify(.) by extensions ['colcon_meta']
[0.180s] Level 1:colcon.colcon_core.package_identification:_identify(.) by extension 'colcon_meta'
[0.180s] Level 1:colcon.colcon_core.package_identification:_identify(.) by extensions ['ros']
[0.180s] Level 1:colcon.colcon_core.package_identification:_identify(.) by extension 'ros'
[0.187s] Level 1:colcon.colcon_core.package_identification:_identify(.) by extensions ['cmake', 'python']
[0.187s] Level 1:colcon.colcon_core.package_identification:_identify(.) by extension 'cmake'
[0.187s] Level 1:colcon.colcon_core.package_identification:_identify(.) by extension 'python'
[0.187s] Level 1:colcon.colcon_core.package_identification:_identify(.) by extensions ['python_setup_py']
[0.187s] Level 1:colcon.colcon_core.package_identification:_identify(.) by extension 'python_setup_py'
[0.187s] Level 1:colcon.colcon_core.package_identification:_identify(build) by extensions ['ignore', 'ignore_ament_install']
[0.187s] Level 1:colcon.colcon_core.package_identification:_identify(build) by extension 'ignore'
[0.187s] Level 1:colcon.colcon_core.package_identification:_identify(build) ignored
[0.187s] Level 1:colcon.colcon_core.package_identification:_identify(install) by extensions ['ignore', 'ignore_ament_install']
[0.187s] Level 1:colcon.colcon_core.package_identification:_identify(install) by extension 'ignore'
[0.187s] Level 1:colcon.colcon_core.package_identification:_identify(install) ignored
[0.187s] Level 1:colcon.colcon_core.package_identification:_identify(log) by extensions ['ignore', 'ignore_ament_install']
[0.187s] Level 1:colcon.colcon_core.package_identification:_identify(log) by extension 'ignore'
[0.187s] Level 1:colcon.colcon_core.package_identification:_identify(log) ignored
[0.187s] Level 1:colcon.colcon_core.package_identification:_identify(src) by extensions ['ignore', 'ignore_ament_install']
[0.187s] Level 1:colcon.colcon_core.package_identification:_identify(src) by extension 'ignore'
[0.187s] Level 1:colcon.colcon_core.package_identification:_identify(src) by extension 'ignore_ament_install'
[0.187s] Level 1:colcon.colcon_core.package_identification:_identify(src) by extensions ['colcon_pkg']
[0.187s] Level 1:colcon.colcon_core.package_identification:_identify(src) by extension 'colcon_pkg'
[0.187s] Level 1:colcon.colcon_core.package_identification:_identify(src) by extensions ['colcon_meta']
[0.187s] Level 1:colcon.colcon_core.package_identification:_identify(src) by extension 'colcon_meta'
[0.187s] Level 1:colcon.colcon_core.package_identification:_identify(src) by extensions ['ros']
[0.187s] Level 1:colcon.colcon_core.package_identification:_identify(src) by extension 'ros'
[0.187s] Level 1:colcon.colcon_core.package_identification:_identify(src) by extensions ['cmake', 'python']
[0.187s] Level 1:colcon.colcon_core.package_identification:_identify(src) by extension 'cmake'
[0.188s] Level 1:colcon.colcon_core.package_identification:_identify(src) by extension 'python'
[0.188s] Level 1:colcon.colcon_core.package_identification:_identify(src) by extensions ['python_setup_py']
[0.188s] Level 1:colcon.colcon_core.package_identification:_identify(src) by extension 'python_setup_py'
[0.188s] Level 1:colcon.colcon_core.package_identification:_identify(src/send_vel) by extensions ['ignore', 'ignore_ament_install']
[0.188s] Level 1:colcon.colcon_core.package_identification:_identify(src/send_vel) by extension 'ignore'
[0.188s] Level 1:colcon.colcon_core.package_identification:_identify(src/send_vel) by extension 'ignore_ament_install'
[0.188s] Level 1:colcon.colcon_core.package_identification:_identify(src/send_vel) by extensions ['colcon_pkg']
[0.188s] Level 1:colcon.colcon_core.package_identification:_identify(src/send_vel) by extension 'colcon_pkg'
[0.188s] Level 1:colcon.colcon_core.package_identification:_identify(src/send_vel) by extensions ['colcon_meta']
[0.188s] Level 1:colcon.colcon_core.package_identification:_identify(src/send_vel) by extension 'colcon_meta'
[0.188s] Level 1:colcon.colcon_core.package_identification:_identify(src/send_vel) by extensions ['ros']
[0.188s] Level 1:colcon.colcon_core.package_identification:_identify(src/send_vel) by extension 'ros'
[0.190s] DEBUG:colcon.colcon_core.package_identification:Package 'src/send_vel' with type 'ros.ament_python' and name 'send_vel'
[0.190s] Level 1:colcon.colcon_core.package_identification:_identify(src/victor) by extensions ['ignore', 'ignore_ament_install']
[0.190s] Level 1:colcon.colcon_core.package_identification:_identify(src/victor) by extension 'ignore'
[0.190s] Level 1:colcon.colcon_core.package_identification:_identify(src/victor) by extension 'ignore_ament_install'
[0.190s] Level 1:colcon.colcon_core.package_identification:_identify(src/victor) by extensions ['colcon_pkg']
[0.190s] Level 1:colcon.colcon_core.package_identification:_identify(src/victor) by extension 'colcon_pkg'
[0.190s] Level 1:colcon.colcon_core.package_identification:_identify(src/victor) by extensions ['colcon_meta']
[0.190s] Level 1:colcon.colcon_core.package_identification:_identify(src/victor) by extension 'colcon_meta'
[0.190s] Level 1:colcon.colcon_core.package_identification:_identify(src/victor) by extensions ['ros']
[0.190s] Level 1:colcon.colcon_core.package_identification:_identify(src/victor) by extension 'ros'
[0.191s] DEBUG:colcon.colcon_core.package_identification:Package 'src/victor' with type 'ros.ament_cmake' and name 'victor'
[0.191s] Level 1:colcon.colcon_core.package_discovery:discover_packages(recursive) using defaults
[0.191s] Level 1:colcon.colcon_core.package_discovery:discover_packages(ignore) discover
[0.191s] Level 1:colcon.colcon_core.package_discovery:discover_packages(ignore) using defaults
[0.191s] Level 1:colcon.colcon_core.package_discovery:discover_packages(path) discover
[0.191s] Level 1:colcon.colcon_core.package_discovery:discover_packages(path) using defaults
[0.209s] Level 1:colcon.colcon_core.package_discovery:discover_packages(prefix_path) check parameters
[0.209s] Level 1:colcon.colcon_core.package_discovery:discover_packages(prefix_path) discover
[0.210s] DEBUG:colcon.colcon_installed_package_information.package_discovery:Found 2 installed packages in /home/abood/victor_/install
[0.210s] DEBUG:colcon.colcon_installed_package_information.package_discovery:Found 3 installed packages in /home/abood/ros2_test/install
[0.211s] DEBUG:colcon.colcon_installed_package_information.package_discovery:Found 475 installed packages in /opt/ros/humble
[0.213s] Level 1:colcon.colcon_core.package_discovery:discover_packages(prefix_path) using defaults
[0.247s] Level 5:colcon.colcon_core.verb:set package 'send_vel' build argument 'cmake_args' from command line to 'None'
[0.247s] Level 5:colcon.colcon_core.verb:set package 'send_vel' build argument 'cmake_target' from command line to 'None'
[0.247s] Level 5:colcon.colcon_core.verb:set package 'send_vel' build argument 'cmake_target_skip_unavailable' from command line to 'False'
[0.247s] Level 5:colcon.colcon_core.verb:set package 'send_vel' build argument 'cmake_clean_cache' from command line to 'False'
[0.247s] Level 5:colcon.colcon_core.verb:set package 'send_vel' build argument 'cmake_clean_first' from command line to 'False'
[0.247s] Level 5:colcon.colcon_core.verb:set package 'send_vel' build argument 'cmake_force_configure' from command line to 'False'
[0.247s] Level 5:colcon.colcon_core.verb:set package 'send_vel' build argument 'ament_cmake_args' from command line to 'None'
[0.247s] Level 5:colcon.colcon_core.verb:set package 'send_vel' build argument 'catkin_cmake_args' from command line to 'None'
[0.247s] Level 5:colcon.colcon_core.verb:set package 'send_vel' build argument 'catkin_skip_building_tests' from command line to 'False'
[0.247s] DEBUG:colcon.colcon_core.verb:Building package 'send_vel' with the following arguments: {'ament_cmake_args': None, 'build_base': '/home/abood/victor_/build/send_vel', 'catkin_cmake_args': None, 'catkin_skip_building_tests': False, 'cmake_args': None, 'cmake_clean_cache': False, 'cmake_clean_first': False, 'cmake_force_configure': False, 'cmake_target': None, 'cmake_target_skip_unavailable': False, 'install_base': '/home/abood/victor_/install/send_vel', 'merge_install': False, 'path': '/home/abood/victor_/src/send_vel', 'symlink_install': False, 'test_result_base': None}
[0.248s] Level 5:colcon.colcon_core.verb:set package 'victor' build argument 'cmake_args' from command line to 'None'
[0.248s] Level 5:colcon.colcon_core.verb:set package 'victor' build argument 'cmake_target' from command line to 'None'
[0.248s] Level 5:colcon.colcon_core.verb:set package 'victor' build argument 'cmake_target_skip_unavailable' from command line to 'False'
[0.248s] Level 5:colcon.colcon_core.verb:set package 'victor' build argument 'cmake_clean_cache' from command line to 'False'
[0.248s] Level 5:colcon.colcon_core.verb:set package 'victor' build argument 'cmake_clean_first' from command line to 'False'
[0.248s] Level 5:colcon.colcon_core.verb:set package 'victor' build argument 'cmake_force_configure' from command line to 'False'
[0.248s] Level 5:colcon.colcon_core.verb:set package 'victor' build argument 'ament_cmake_args' from command line to 'None'
[0.248s] Level 5:colcon.colcon_core.verb:set package 'victor' build argument 'catkin_cmake_args' from command line to 'None'
[0.248s] Level 5:colcon.colcon_core.verb:set package 'victor' build argument 'catkin_skip_building_tests' from command line to 'False'
[0.248s] DEBUG:colcon.colcon_core.verb:Building package 'victor' with the following arguments: {'ament_cmake_args': None, 'build_base': '/home/abood/victor_/build/victor', 'catkin_cmake_args': None, 'catkin_skip_building_tests': False, 'cmake_args': None, 'cmake_clean_cache': False, 'cmake_clean_first': False, 'cmake_force_configure': False, 'cmake_target': None, 'cmake_target_skip_unavailable': False, 'install_base': '/home/abood/victor_/install/victor', 'merge_install': False, 'path': '/home/abood/victor_/src/victor', 'symlink_install': False, 'test_result_base': None}
[0.248s] INFO:colcon.colcon_core.executor:Executing jobs using 'parallel' executor
[0.249s] DEBUG:colcon.colcon_parallel_executor.executor.parallel:run_until_complete
[0.249s] INFO:colcon.colcon_ros.task.ament_python.build:Building ROS package in '/home/abood/victor_/src/send_vel' with build type 'ament_python'
[0.249s] Level 1:colcon.colcon_core.shell:create_environment_hook('send_vel', 'ament_prefix_path')
[0.250s] INFO:colcon.colcon_core.plugin_system:Skipping extension 'colcon_core.shell.bat': Not used on non-Windows systems
[0.251s] INFO:colcon.colcon_core.shell:Creating environment hook '/home/abood/victor_/install/send_vel/share/send_vel/hook/ament_prefix_path.ps1'
[0.251s] INFO:colcon.colcon_core.shell:Creating environment descriptor '/home/abood/victor_/install/send_vel/share/send_vel/hook/ament_prefix_path.dsv'
[0.251s] INFO:colcon.colcon_core.shell:Creating environment hook '/home/abood/victor_/install/send_vel/share/send_vel/hook/ament_prefix_path.sh'
[0.252s] INFO:colcon.colcon_core.shell:Skip shell extension 'powershell' for command environment: Not usable outside of PowerShell
[0.252s] DEBUG:colcon.colcon_core.shell:Skip shell extension 'dsv' for command environment
[0.255s] INFO:colcon.colcon_ros.task.ament_cmake.build:Building ROS package in '/home/abood/victor_/src/victor' with build type 'ament_cmake'
[0.255s] INFO:colcon.colcon_cmake.task.cmake.build:Building CMake package in '/home/abood/victor_/src/victor'
[0.255s] INFO:colcon.colcon_core.shell:Skip shell extension 'powershell' for command environment: Not usable outside of PowerShell
[0.255s] DEBUG:colcon.colcon_core.shell:Skip shell extension 'dsv' for command environment
[0.420s] INFO:colcon.colcon_core.task.python.build:Building Python package in '/home/abood/victor_/src/send_vel'
[0.420s] INFO:colcon.colcon_core.shell:Skip shell extension 'powershell' for command environment: Not usable outside of PowerShell
[0.420s] DEBUG:colcon.colcon_core.shell:Skip shell extension 'dsv' for command environment
[0.426s] DEBUG:colcon.colcon_core.event_handler.log_command:Invoking command in '/home/abood/victor_/build/victor': CMAKE_PREFIX_PATH=${CMAKE_PREFIX_PATH}:/home/abood/ros2_test/install/my_py_pkg:/opt/ros/humble /usr/bin/cmake --build /home/abood/victor_/build/victor -- -j16 -l16
[0.449s] DEBUG:colcon.colcon_core.event_handler.log_command:Invoked command in '/home/abood/victor_/build/victor' returned '0': CMAKE_PREFIX_PATH=${CMAKE_PREFIX_PATH}:/home/abood/ros2_test/install/my_py_pkg:/opt/ros/humble /usr/bin/cmake --build /home/abood/victor_/build/victor -- -j16 -l16
[0.456s] DEBUG:colcon.colcon_core.event_handler.log_command:Invoking command in '/home/abood/victor_/build/victor': CMAKE_PREFIX_PATH=${CMAKE_PREFIX_PATH}:/home/abood/ros2_test/install/my_py_pkg:/opt/ros/humble /usr/bin/cmake --install /home/abood/victor_/build/victor
[0.462s] Level 1:colcon.colcon_core.environment:create_environment_scripts_only(victor)
[0.462s] DEBUG:colcon.colcon_core.event_handler.log_command:Invoked command in '/home/abood/victor_/build/victor' returned '0': CMAKE_PREFIX_PATH=${CMAKE_PREFIX_PATH}:/home/abood/ros2_test/install/my_py_pkg:/opt/ros/humble /usr/bin/cmake --install /home/abood/victor_/build/victor
[0.463s] Level 1:colcon.colcon_core.environment:checking '/home/abood/victor_/install/victor' for CMake module files
[0.464s] Level 1:colcon.colcon_core.environment:checking '/home/abood/victor_/install/victor' for CMake config files
[0.464s] Level 1:colcon.colcon_core.shell:create_environment_hook('victor', 'cmake_prefix_path')
[0.464s] INFO:colcon.colcon_core.shell:Creating environment hook '/home/abood/victor_/install/victor/share/victor/hook/cmake_prefix_path.ps1'
[0.464s] INFO:colcon.colcon_core.shell:Creating environment descriptor '/home/abood/victor_/install/victor/share/victor/hook/cmake_prefix_path.dsv'
[0.464s] INFO:colcon.colcon_core.shell:Creating environment hook '/home/abood/victor_/install/victor/share/victor/hook/cmake_prefix_path.sh'
[0.465s] Level 1:colcon.colcon_core.environment:checking '/home/abood/victor_/install/victor/lib'
[0.465s] Level 1:colcon.colcon_core.environment:checking '/home/abood/victor_/install/victor/bin'
[0.465s] Level 1:colcon.colcon_core.environment:checking '/home/abood/victor_/install/victor/lib/pkgconfig/victor.pc'
[0.465s] Level 1:colcon.colcon_core.environment:checking '/home/abood/victor_/install/victor/lib/python3.10/site-packages'
[0.465s] Level 1:colcon.colcon_core.environment:checking '/home/abood/victor_/install/victor/bin'
[0.465s] INFO:colcon.colcon_core.shell:Creating package script '/home/abood/victor_/install/victor/share/victor/package.ps1'
[0.466s] INFO:colcon.colcon_core.shell:Creating package descriptor '/home/abood/victor_/install/victor/share/victor/package.dsv'
[0.466s] INFO:colcon.colcon_core.shell:Creating package script '/home/abood/victor_/install/victor/share/victor/package.sh'
[0.467s] INFO:colcon.colcon_core.shell:Creating package script '/home/abood/victor_/install/victor/share/victor/package.bash'
[0.467s] INFO:colcon.colcon_core.shell:Creating package script '/home/abood/victor_/install/victor/share/victor/package.zsh'
[0.467s] Level 1:colcon.colcon_core.environment:create_file_with_runtime_dependencies(/home/abood/victor_/install/victor/share/colcon-core/packages/victor)
[0.468s] Level 1:colcon.colcon_core.environment:create_environment_scripts_only(victor)
[0.468s] Level 1:colcon.colcon_core.environment:checking '/home/abood/victor_/install/victor' for CMake module files
[0.468s] Level 1:colcon.colcon_core.environment:checking '/home/abood/victor_/install/victor' for CMake config files
[0.468s] Level 1:colcon.colcon_core.shell:create_environment_hook('victor', 'cmake_prefix_path')
[0.468s] INFO:colcon.colcon_core.shell:Creating environment hook '/home/abood/victor_/install/victor/share/victor/hook/cmake_prefix_path.ps1'
[0.469s] INFO:colcon.colcon_core.shell:Creating environment descriptor '/home/abood/victor_/install/victor/share/victor/hook/cmake_prefix_path.dsv'
[0.469s] INFO:colcon.colcon_core.shell:Creating environment hook '/home/abood/victor_/install/victor/share/victor/hook/cmake_prefix_path.sh'
[0.469s] Level 1:colcon.colcon_core.environment:checking '/home/abood/victor_/install/victor/lib'
[0.469s] Level 1:colcon.colcon_core.environment:checking '/home/abood/victor_/install/victor/bin'
[0.469s] Level 1:colcon.colcon_core.environment:checking '/home/abood/victor_/install/victor/lib/pkgconfig/victor.pc'
[0.469s] Level 1:colcon.colcon_core.environment:checking '/home/abood/victor_/install/victor/lib/python3.10/site-packages'
[0.469s] Level 1:colcon.colcon_core.environment:checking '/home/abood/victor_/install/victor/bin'
[0.470s] INFO:colcon.colcon_core.shell:Creating package script '/home/abood/victor_/install/victor/share/victor/package.ps1'
[0.470s] INFO:colcon.colcon_core.shell:Creating package descriptor '/home/abood/victor_/install/victor/share/victor/package.dsv'
[0.470s] INFO:colcon.colcon_core.shell:Creating package script '/home/abood/victor_/install/victor/share/victor/package.sh'
[0.470s] INFO:colcon.colcon_core.shell:Creating package script '/home/abood/victor_/install/victor/share/victor/package.bash'
[0.471s] INFO:colcon.colcon_core.shell:Creating package script '/home/abood/victor_/install/victor/share/victor/package.zsh'
[0.471s] Level 1:colcon.colcon_core.environment:create_file_with_runtime_dependencies(/home/abood/victor_/install/victor/share/colcon-core/packages/victor)
[0.660s] DEBUG:colcon.colcon_core.event_handler.log_command:Invoking command in '/home/abood/victor_/src/send_vel': PYTHONPATH=/home/abood/victor_/build/send_vel/prefix_override:/usr/lib/python3/dist-packages/colcon_core/task/python/colcon_distutils_commands:/home/abood/victor_/install/send_vel/lib/python3.10/site-packages:${PYTHONPATH} /usr/bin/python3 -W ignore:setup.py install is deprecated -W ignore:easy_install command is deprecated setup.py egg_info --egg-base ../../build/send_vel build --build-base /home/abood/victor_/build/send_vel/build install --record /home/abood/victor_/build/send_vel/install.log --single-version-externally-managed install_data
[0.856s] Level 1:colcon.colcon_core.environment:checking '/home/abood/victor_/install/send_vel' for CMake module files
[0.856s] DEBUG:colcon.colcon_core.event_handler.log_command:Invoked command in '/home/abood/victor_/src/send_vel' returned '0': PYTHONPATH=/home/abood/victor_/build/send_vel/prefix_override:/usr/lib/python3/dist-packages/colcon_core/task/python/colcon_distutils_commands:/home/abood/victor_/install/send_vel/lib/python3.10/site-packages:${PYTHONPATH} /usr/bin/python3 -W ignore:setup.py install is deprecated -W ignore:easy_install command is deprecated setup.py egg_info --egg-base ../../build/send_vel build --build-base /home/abood/victor_/build/send_vel/build install --record /home/abood/victor_/build/send_vel/install.log --single-version-externally-managed install_data
[0.856s] Level 1:colcon.colcon_core.environment:checking '/home/abood/victor_/install/send_vel' for CMake config files
[0.856s] Level 1:colcon.colcon_core.environment:checking '/home/abood/victor_/install/send_vel/lib'
[0.857s] Level 1:colcon.colcon_core.environment:checking '/home/abood/victor_/install/send_vel/bin'
[0.857s] Level 1:colcon.colcon_core.environment:checking '/home/abood/victor_/install/send_vel/lib/pkgconfig/send_vel.pc'
[0.857s] Level 1:colcon.colcon_core.environment:checking '/home/abood/victor_/install/send_vel/lib/python3.10/site-packages'
[0.857s] Level 1:colcon.colcon_core.shell:create_environment_hook('send_vel', 'pythonpath')
[0.857s] INFO:colcon.colcon_core.shell:Creating environment hook '/home/abood/victor_/install/send_vel/share/send_vel/hook/pythonpath.ps1'
[0.857s] INFO:colcon.colcon_core.shell:Creating environment descriptor '/home/abood/victor_/install/send_vel/share/send_vel/hook/pythonpath.dsv'
[0.857s] INFO:colcon.colcon_core.shell:Creating environment hook '/home/abood/victor_/install/send_vel/share/send_vel/hook/pythonpath.sh'
[0.858s] Level 1:colcon.colcon_core.environment:checking '/home/abood/victor_/install/send_vel/bin'
[0.858s] Level 1:colcon.colcon_core.environment:create_environment_scripts_only(send_vel)
[0.858s] INFO:colcon.colcon_core.shell:Creating package script '/home/abood/victor_/install/send_vel/share/send_vel/package.ps1'
[0.858s] INFO:colcon.colcon_core.shell:Creating package descriptor '/home/abood/victor_/install/send_vel/share/send_vel/package.dsv'
[0.859s] INFO:colcon.colcon_core.shell:Creating package script '/home/abood/victor_/install/send_vel/share/send_vel/package.sh'
[0.859s] INFO:colcon.colcon_core.shell:Creating package script '/home/abood/victor_/install/send_vel/share/send_vel/package.bash'
[0.859s] INFO:colcon.colcon_core.shell:Creating package script '/home/abood/victor_/install/send_vel/share/send_vel/package.zsh'
[0.859s] Level 1:colcon.colcon_core.environment:create_file_with_runtime_dependencies(/home/abood/victor_/install/send_vel/share/colcon-core/packages/send_vel)
[0.859s] DEBUG:colcon.colcon_parallel_executor.executor.parallel:closing loop
[0.860s] DEBUG:colcon.colcon_parallel_executor.executor.parallel:loop closed
[0.860s] DEBUG:colcon.colcon_parallel_executor.executor.parallel:run_until_complete finished with '0'
[0.860s] DEBUG:colcon.colcon_core.event_reactor:joining thread
[0.863s] INFO:colcon.colcon_core.plugin_system:Skipping extension 'colcon_notification.desktop_notification.terminal_notifier': Not used on non-Darwin systems
[0.863s] INFO:colcon.colcon_core.plugin_system:Skipping extension 'colcon_notification.desktop_notification.win32': Not used on non-Windows systems
[0.863s] INFO:colcon.colcon_notification.desktop_notification:Sending desktop notification using 'notify2'
[0.869s] DEBUG:colcon.colcon_core.event_reactor:joined thread
[0.870s] INFO:colcon.colcon_core.shell:Creating prefix script '/home/abood/victor_/install/local_setup.ps1'
[0.870s] INFO:colcon.colcon_core.shell:Creating prefix util module '/home/abood/victor_/install/_local_setup_util_ps1.py'
[0.871s] INFO:colcon.colcon_core.shell:Creating prefix chain script '/home/abood/victor_/install/setup.ps1'
[0.872s] INFO:colcon.colcon_core.shell:Creating prefix script '/home/abood/victor_/install/local_setup.sh'
[0.872s] INFO:colcon.colcon_core.shell:Creating prefix util module '/home/abood/victor_/install/_local_setup_util_sh.py'
[0.872s] INFO:colcon.colcon_core.shell:Creating prefix chain script '/home/abood/victor_/install/setup.sh'
[0.873s] INFO:colcon.colcon_core.shell:Creating prefix script '/home/abood/victor_/install/local_setup.bash'
[0.873s] INFO:colcon.colcon_core.shell:Creating prefix chain script '/home/abood/victor_/install/setup.bash'
[0.874s] INFO:colcon.colcon_core.shell:Creating prefix script '/home/abood/victor_/install/local_setup.zsh'
[0.874s] INFO:colcon.colcon_core.shell:Creating prefix chain script '/home/abood/victor_/install/setup.zsh'
