[0.006s] Invoking command in '/home/abood/victor_/build/victor': CMAKE_PREFIX_PATH=${CMAKE_PREFIX_PATH}:/home/abood/ros2_test/install/my_py_pkg:/opt/ros/humble /usr/bin/cmake /home/abood/victor_/src/victor -DCMAKE_INSTALL_PREFIX=/home/abood/victor_/install/victor
[0.039s] -- The C compiler identification is GNU 11.4.0
[0.071s] -- The CXX compiler identification is GNU 11.4.0
[0.076s] -- Detecting C compiler ABI info
[0.116s] -- Detecting C compiler ABI info - done
[0.121s] -- Check for working C compiler: /usr/bin/cc - skipped
[0.121s] -- Detecting C compile features
[0.121s] -- Detecting C compile features - done
[0.123s] -- Detecting CXX compiler ABI info
[0.170s] -- Detecting CXX compiler ABI info - done
[0.175s] -- Check for working CXX compiler: /usr/bin/c++ - skipped
[0.175s] -- Detecting CXX compile features
[0.175s] -- Detecting CXX compile features - done
[0.177s] -- Found ament_cmake: 1.3.11 (/opt/ros/humble/share/ament_cmake/cmake)
[0.269s] -- Found Python3: /usr/bin/python3 (found version "3.10.12") found components: Interpreter 
[0.327s] -- Found ament_lint_auto: 0.12.12 (/opt/ros/humble/share/ament_lint_auto/cmake)
[0.378s] -- Added test 'copyright' to check source files copyright and LICENSE
[0.381s] -- Added test 'flake8' to check Python code syntax and style conventions
[0.382s] -- Added test 'lint_cmake' to check CMake code style
[0.382s] -- Added test 'pep257' to check Python code against some of the docstring style conventions in PEP 257
[0.383s] -- Added test 'xmllint' to check XML markup files
[0.384s] -- Configuring done
[0.392s] -- Generating done
[0.393s] -- Build files have been written to: /home/abood/victor_/build/victor
[0.397s] Invoked command in '/home/abood/victor_/build/victor' returned '0': CMAKE_PREFIX_PATH=${CMAKE_PREFIX_PATH}:/home/abood/ros2_test/install/my_py_pkg:/opt/ros/humble /usr/bin/cmake /home/abood/victor_/src/victor -DCMAKE_INSTALL_PREFIX=/home/abood/victor_/install/victor
[0.398s] Invoking command in '/home/abood/victor_/build/victor': CMAKE_PREFIX_PATH=${CMAKE_PREFIX_PATH}:/home/abood/ros2_test/install/my_py_pkg:/opt/ros/humble /usr/bin/cmake --build /home/abood/victor_/build/victor -- -j16 -l16
[0.430s] Invoked command in '/home/abood/victor_/build/victor' returned '0': CMAKE_PREFIX_PATH=${CMAKE_PREFIX_PATH}:/home/abood/ros2_test/install/my_py_pkg:/opt/ros/humble /usr/bin/cmake --build /home/abood/victor_/build/victor -- -j16 -l16
[0.443s] Invoking command in '/home/abood/victor_/build/victor': CMAKE_PREFIX_PATH=${CMAKE_PREFIX_PATH}:/home/abood/ros2_test/install/my_py_pkg:/opt/ros/humble /usr/bin/cmake --install /home/abood/victor_/build/victor
[0.452s] -- Install configuration: ""
[0.452s] -- Installing: /home/abood/victor_/install/victor/share/victor/config
[0.452s] -- Installing: /home/abood/victor_/install/victor/share/victor/config/empty.yaml
[0.452s] -- Installing: /home/abood/victor_/install/victor/share/victor/description
[0.452s] -- Installing: /home/abood/victor_/install/victor/share/victor/description/robot.urdf.xacro
[0.452s] -- Installing: /home/abood/victor_/install/victor/share/victor/launch
[0.452s] -- Installing: /home/abood/victor_/install/victor/share/victor/launch/rsp.launch.py
[0.452s] -- Installing: /home/abood/victor_/install/victor/share/victor/worlds
[0.452s] -- Installing: /home/abood/victor_/install/victor/share/victor/worlds/empty.world
[0.452s] -- Installing: /home/abood/victor_/install/victor/share/ament_index/resource_index/package_run_dependencies/victor
[0.452s] -- Installing: /home/abood/victor_/install/victor/share/ament_index/resource_index/parent_prefix_path/victor
[0.452s] -- Installing: /home/abood/victor_/install/victor/share/victor/environment/ament_prefix_path.sh
[0.452s] -- Installing: /home/abood/victor_/install/victor/share/victor/environment/ament_prefix_path.dsv
[0.453s] -- Installing: /home/abood/victor_/install/victor/share/victor/environment/path.sh
[0.453s] -- Installing: /home/abood/victor_/install/victor/share/victor/environment/path.dsv
[0.453s] -- Installing: /home/abood/victor_/install/victor/share/victor/local_setup.bash
[0.453s] -- Installing: /home/abood/victor_/install/victor/share/victor/local_setup.sh
[0.453s] -- Installing: /home/abood/victor_/install/victor/share/victor/local_setup.zsh
[0.453s] -- Installing: /home/abood/victor_/install/victor/share/victor/local_setup.dsv
[0.453s] -- Installing: /home/abood/victor_/install/victor/share/victor/package.dsv
[0.453s] -- Installing: /home/abood/victor_/install/victor/share/ament_index/resource_index/packages/victor
[0.453s] -- Installing: /home/abood/victor_/install/victor/share/victor/cmake/victorConfig.cmake
[0.453s] -- Installing: /home/abood/victor_/install/victor/share/victor/cmake/victorConfig-version.cmake
[0.453s] -- Installing: /home/abood/victor_/install/victor/share/victor/package.xml
[0.454s] Invoked command in '/home/abood/victor_/build/victor' returned '0': CMAKE_PREFIX_PATH=${CMAKE_PREFIX_PATH}:/home/abood/ros2_test/install/my_py_pkg:/opt/ros/humble /usr/bin/cmake --install /home/abood/victor_/build/victor
