[0.797s] Invoking command in '/home/abood/victor_/src/victor_planning': PYTHONPATH=/home/abood/victor_/build/victor_planning/prefix_override:/usr/lib/python3/dist-packages/colcon_core/task/python/colcon_distutils_commands:/home/abood/victor_/install/victor_planning/lib/python3.10/site-packages:${PYTHONPATH} /usr/bin/python3 -W ignore:setup.py install is deprecated -W ignore:easy_install command is deprecated setup.py egg_info --egg-base ../../build/victor_planning build --build-base /home/abood/victor_/build/victor_planning/build install --record /home/abood/victor_/build/victor_planning/install.log --single-version-externally-managed install_data
[0.947s] running egg_info
[0.948s] writing ../../build/victor_planning/victor_planning.egg-info/PKG-INFO
[0.948s] writing dependency_links to ../../build/victor_planning/victor_planning.egg-info/dependency_links.txt
[0.948s] writing entry points to ../../build/victor_planning/victor_planning.egg-info/entry_points.txt
[0.948s] writing requirements to ../../build/victor_planning/victor_planning.egg-info/requires.txt
[0.948s] writing top-level names to ../../build/victor_planning/victor_planning.egg-info/top_level.txt
[0.949s] reading manifest file '../../build/victor_planning/victor_planning.egg-info/SOURCES.txt'
[0.954s] writing manifest file '../../build/victor_planning/victor_planning.egg-info/SOURCES.txt'
[0.954s] running build
[0.954s] running build_py
[0.955s] copying victor_planning/way_point_navigator.py -> /home/abood/victor_/build/victor_planning/build/lib/victor_planning
[0.955s] copying victor_planning/simple_curve_path_publisher.py -> /home/abood/victor_/build/victor_planning/build/lib/victor_planning
[0.955s] running install
[0.955s] running install_lib
[0.955s] copying /home/abood/victor_/build/victor_planning/build/lib/victor_planning/way_point_navigator.py -> /home/abood/victor_/install/victor_planning/lib/python3.10/site-packages/victor_planning
[0.955s] copying /home/abood/victor_/build/victor_planning/build/lib/victor_planning/simple_curve_path_publisher.py -> /home/abood/victor_/install/victor_planning/lib/python3.10/site-packages/victor_planning
[0.956s] byte-compiling /home/abood/victor_/install/victor_planning/lib/python3.10/site-packages/victor_planning/way_point_navigator.py to way_point_navigator.cpython-310.pyc
[0.957s] byte-compiling /home/abood/victor_/install/victor_planning/lib/python3.10/site-packages/victor_planning/simple_curve_path_publisher.py to simple_curve_path_publisher.cpython-310.pyc
[0.958s] running install_data
[0.958s] copying package.xml -> /home/abood/victor_/install/victor_planning/share/victor_planning
[0.958s] running install_egg_info
[0.959s] removing '/home/abood/victor_/install/victor_planning/lib/python3.10/site-packages/victor_planning-0.0.0-py3.10.egg-info' (and everything under it)
[0.959s] Copying ../../build/victor_planning/victor_planning.egg-info to /home/abood/victor_/install/victor_planning/lib/python3.10/site-packages/victor_planning-0.0.0-py3.10.egg-info
[0.960s] running install_scripts
[0.974s] Installing OccupancyGrid_pub script to /home/abood/victor_/install/victor_planning/lib/victor_planning
[0.974s] Installing a_star_planner script to /home/abood/victor_/install/victor_planning/lib/victor_planning
[0.974s] Installing simple_curve_path_publisher script to /home/abood/victor_/install/victor_planning/lib/victor_planning
[0.974s] Installing way_point_navigator script to /home/abood/victor_/install/victor_planning/lib/victor_planning
[0.974s] writing list of installed files to '/home/abood/victor_/build/victor_planning/install.log'
[0.994s] Invoked command in '/home/abood/victor_/src/victor_planning' returned '0': PYTHONPATH=/home/abood/victor_/build/victor_planning/prefix_override:/usr/lib/python3/dist-packages/colcon_core/task/python/colcon_distutils_commands:/home/abood/victor_/install/victor_planning/lib/python3.10/site-packages:${PYTHONPATH} /usr/bin/python3 -W ignore:setup.py install is deprecated -W ignore:easy_install command is deprecated setup.py egg_info --egg-base ../../build/victor_planning build --build-base /home/abood/victor_/build/victor_planning/build install --record /home/abood/victor_/build/victor_planning/install.log --single-version-externally-managed install_data
